[ 2013-04-16T10:20:16+08:00 ] /xbsdv5/index.php/Login/index | INFO: Tag[ route_check ] --START--
[ 2013-04-16T10:20:16+08:00 ] /xbsdv5/index.php/Login/index | INFO: Run CheckRoute Behavior [ RunTime:0.001322s ]
[ 2013-04-16T10:20:16+08:00 ] /xbsdv5/index.php/Login/index | INFO: Tag[ route_check ] --END-- [ RunTime:0.001434s ]
[ 2013-04-16T10:20:16+08:00 ] /xbsdv5/index.php/Login/index | INFO: Tag[ app_begin ] --START--
[ 2013-04-16T10:20:16+08:00 ] /xbsdv5/index.php/Login/index | INFO: Run ReadHtmlCache Behavior [ RunTime:0.000936s ]
[ 2013-04-16T10:20:16+08:00 ] /xbsdv5/index.php/Login/index | INFO: Run CheckLang Behavior [ RunTime:0.002644s ]
[ 2013-04-16T10:20:16+08:00 ] /xbsdv5/index.php/Login/index | INFO: Tag[ app_begin ] --END-- [ RunTime:0.003732s ]
[ 2013-04-16T10:20:16+08:00 ] /xbsdv5/index.php/Login/index | NOTIC: [8] Undefined index: authId CommonAction.class.php 第 50 行.
[ 2013-04-16T10:20:16+08:00 ] /xbsdv5/index.php/Login/index | NOTIC: [8] Undefined index: menuid CommonAction.class.php 第 79 行.
[ 2013-04-16T10:20:16+08:00 ] /xbsdv5/index.php/Login/index | INFO: Tag[ view_template ] --START--
[ 2013-04-16T10:20:16+08:00 ] /xbsdv5/index.php/Login/index | INFO: Run LocationTemplate Behavior [ RunTime:0.001466s ]
[ 2013-04-16T10:20:16+08:00 ] /xbsdv5/index.php/Login/index | INFO: Tag[ view_template ] --END-- [ RunTime:0.001577s ]
[ 2013-04-16T10:20:16+08:00 ] /xbsdv5/index.php/Login/index | INFO: Tag[ view_parse ] --START--
[ 2013-04-16T10:20:16+08:00 ] /xbsdv5/index.php/Login/index | INFO: Run ParseTemplate Behavior [ RunTime:0.015847s ]
[ 2013-04-16T10:20:16+08:00 ] /xbsdv5/index.php/Login/index | INFO: Tag[ view_parse ] --END-- [ RunTime:0.015943s ]
[ 2013-04-16T10:20:16+08:00 ] /xbsdv5/index.php/Login/index | INFO: Tag[ view_filter ] --START--
[ 2013-04-16T10:20:16+08:00 ] /xbsdv5/index.php/Login/index | INFO: Run ContentReplace Behavior [ RunTime:0.000915s ]
[ 2013-04-16T10:20:16+08:00 ] /xbsdv5/index.php/Login/index | INFO: Run TokenBuild Behavior [ RunTime:0.000812s ]
[ 2013-04-16T10:20:16+08:00 ] /xbsdv5/index.php/Login/index | INFO: Run WriteHtmlCache Behavior [ RunTime:0.000917s ]
[ 2013-04-16T10:20:16+08:00 ] /xbsdv5/index.php/Login/index | INFO: Run ShowRuntime Behavior [ RunTime:0.000915s ]
[ 2013-04-16T10:20:16+08:00 ] /xbsdv5/index.php/Login/index | INFO: Tag[ view_filter ] --END-- [ RunTime:0.003800s ]
[ 2013-04-16T10:20:16+08:00 ] /xbsdv5/index.php/Login/index | INFO: Tag[ view_end ] --START--
[ 2013-04-16T10:20:16+08:00 ] /xbsdv5/index.php/Login/index | INFO: Run ShowPageTrace Behavior [ RunTime:0.002086s ]
[ 2013-04-16T10:20:16+08:00 ] /xbsdv5/index.php/Login/index | INFO: Tag[ view_end ] --END-- [ RunTime:0.002172s ]
[ 2013-04-16T10:20:52+08:00 ] /xbsdv5/index.php/Index/index | INFO: Tag[ route_check ] --START--
[ 2013-04-16T10:20:52+08:00 ] /xbsdv5/index.php/Index/index | INFO: Run CheckRoute Behavior [ RunTime:0.001332s ]
[ 2013-04-16T10:20:52+08:00 ] /xbsdv5/index.php/Index/index | INFO: Tag[ route_check ] --END-- [ RunTime:0.001441s ]
[ 2013-04-16T10:20:52+08:00 ] /xbsdv5/index.php/Index/index | INFO: Tag[ app_begin ] --START--
[ 2013-04-16T10:20:52+08:00 ] /xbsdv5/index.php/Index/index | INFO: Run ReadHtmlCache Behavior [ RunTime:0.001155s ]
[ 2013-04-16T10:20:52+08:00 ] /xbsdv5/index.php/Index/index | INFO: Run CheckLang Behavior [ RunTime:0.003114s ]
[ 2013-04-16T10:20:52+08:00 ] /xbsdv5/index.php/Index/index | INFO: Tag[ app_begin ] --END-- [ RunTime:0.004413s ]
[ 2013-04-16T10:20:56+08:00 ] /xbsdv5/index.php/Index/index | NOTIC: [8] Undefined index: menuid CommonAction.class.php 第 79 行.
[ 2013-04-16T10:20:56+08:00 ] /xbsdv5/index.php/Index/index | NOTIC: [8] Undefined index: _ACCESS_LIST CommonAction.class.php 第 197 行.
[ 2013-04-16T10:20:56+08:00 ] /xbsdv5/index.php/Index/index | NOTIC: [8] Undefined index: _ACCESS_LIST CommonAction.class.php 第 197 行.
[ 2013-04-16T10:20:56+08:00 ] /xbsdv5/index.php/Index/index | NOTIC: [8] Undefined index: _ACCESS_LIST CommonAction.class.php 第 197 行.
[ 2013-04-16T10:20:56+08:00 ] /xbsdv5/index.php/Index/index | NOTIC: [8] Undefined index: _ACCESS_LIST CommonAction.class.php 第 197 行.
[ 2013-04-16T10:20:56+08:00 ] /xbsdv5/index.php/Index/index | NOTIC: [8] Undefined index: _ACCESS_LIST CommonAction.class.php 第 197 行.
[ 2013-04-16T10:20:56+08:00 ] /xbsdv5/index.php/Index/index | NOTIC: [8] Undefined index: _ACCESS_LIST CommonAction.class.php 第 197 行.
[ 2013-04-16T10:20:56+08:00 ] /xbsdv5/index.php/Index/index | NOTIC: [8] Undefined index: _ACCESS_LIST CommonAction.class.php 第 197 行.
[ 2013-04-16T10:20:56+08:00 ] /xbsdv5/index.php/Index/index | NOTIC: [8] Undefined index: _ACCESS_LIST CommonAction.class.php 第 197 行.
[ 2013-04-16T10:20:56+08:00 ] /xbsdv5/index.php/Index/index | NOTIC: [8] Undefined index: _ACCESS_LIST CommonAction.class.php 第 197 行.
[ 2013-04-16T10:20:56+08:00 ] /xbsdv5/index.php/Index/index | NOTIC: [8] Undefined index: _ACCESS_LIST CommonAction.class.php 第 197 行.
[ 2013-04-16T10:20:56+08:00 ] /xbsdv5/index.php/Index/index | NOTIC: [8] Undefined index: _ACCESS_LIST CommonAction.class.php 第 197 行.
[ 2013-04-16T10:20:56+08:00 ] /xbsdv5/index.php/Index/index | NOTIC: [8] Undefined index: _ACCESS_LIST CommonAction.class.php 第 197 行.
[ 2013-04-16T10:20:56+08:00 ] /xbsdv5/index.php/Index/index | NOTIC: [8] Undefined index: _ACCESS_LIST CommonAction.class.php 第 197 行.
[ 2013-04-16T10:20:56+08:00 ] /xbsdv5/index.php/Index/index | NOTIC: [8] Undefined index: _ACCESS_LIST CommonAction.class.php 第 197 行.
[ 2013-04-16T10:20:56+08:00 ] /xbsdv5/index.php/Index/index | NOTIC: [8] Undefined index: _ACCESS_LIST CommonAction.class.php 第 197 行.
[ 2013-04-16T10:20:56+08:00 ] /xbsdv5/index.php/Index/index | NOTIC: [8] Undefined index: _ACCESS_LIST CommonAction.class.php 第 197 行.
[ 2013-04-16T10:20:56+08:00 ] /xbsdv5/index.php/Index/index | NOTIC: [8] Undefined index: _ACCESS_LIST CommonAction.class.php 第 197 行.
[ 2013-04-16T10:20:56+08:00 ] /xbsdv5/index.php/Index/index | NOTIC: [8] Undefined index: _ACCESS_LIST CommonAction.class.php 第 197 行.
[ 2013-04-16T10:20:56+08:00 ] /xbsdv5/index.php/Index/index | NOTIC: [8] Undefined index: _ACCESS_LIST CommonAction.class.php 第 197 行.
[ 2013-04-16T10:20:56+08:00 ] /xbsdv5/index.php/Index/index | NOTIC: [8] Undefined index: _ACCESS_LIST CommonAction.class.php 第 197 行.
[ 2013-04-16T10:20:56+08:00 ] /xbsdv5/index.php/Index/index | NOTIC: [8] Undefined index: _ACCESS_LIST CommonAction.class.php 第 197 行.
[ 2013-04-16T10:20:56+08:00 ] /xbsdv5/index.php/Index/index | NOTIC: [8] Undefined index: _ACCESS_LIST CommonAction.class.php 第 197 行.
[ 2013-04-16T10:20:56+08:00 ] /xbsdv5/index.php/Index/index | NOTIC: [8] Undefined index: _ACCESS_LIST CommonAction.class.php 第 197 行.
[ 2013-04-16T10:20:56+08:00 ] /xbsdv5/index.php/Index/index | NOTIC: [8] Undefined index: _ACCESS_LIST CommonAction.class.php 第 197 行.
[ 2013-04-16T10:20:56+08:00 ] /xbsdv5/index.php/Index/index | NOTIC: [8] Undefined index: _ACCESS_LIST CommonAction.class.php 第 197 行.
[ 2013-04-16T10:20:56+08:00 ] /xbsdv5/index.php/Index/index | NOTIC: [8] Undefined index: _ACCESS_LIST CommonAction.class.php 第 197 行.
[ 2013-04-16T10:20:56+08:00 ] /xbsdv5/index.php/Index/index | NOTIC: [8] Undefined index: _ACCESS_LIST CommonAction.class.php 第 197 行.
[ 2013-04-16T10:20:56+08:00 ] /xbsdv5/index.php/Index/index | NOTIC: [8] Undefined index: _ACCESS_LIST CommonAction.class.php 第 197 行.
[ 2013-04-16T10:20:56+08:00 ] /xbsdv5/index.php/Index/index | NOTIC: [8] Undefined index: _ACCESS_LIST CommonAction.class.php 第 197 行.
[ 2013-04-16T10:20:56+08:00 ] /xbsdv5/index.php/Index/index | NOTIC: [8] Undefined index: _ACCESS_LIST CommonAction.class.php 第 197 行.
[ 2013-04-16T10:20:56+08:00 ] /xbsdv5/index.php/Index/index | NOTIC: [8] Undefined index: _ACCESS_LIST CommonAction.class.php 第 197 行.
[ 2013-04-16T10:20:56+08:00 ] /xbsdv5/index.php/Index/index | NOTIC: [8] Undefined index: _ACCESS_LIST CommonAction.class.php 第 197 行.
[ 2013-04-16T10:20:56+08:00 ] /xbsdv5/index.php/Index/index | NOTIC: [8] Undefined index: _ACCESS_LIST CommonAction.class.php 第 197 行.
[ 2013-04-16T10:20:56+08:00 ] /xbsdv5/index.php/Index/index | NOTIC: [8] Undefined index: _ACCESS_LIST CommonAction.class.php 第 197 行.
[ 2013-04-16T10:20:56+08:00 ] /xbsdv5/index.php/Index/index | NOTIC: [8] Undefined index: _ACCESS_LIST CommonAction.class.php 第 197 行.
[ 2013-04-16T10:20:56+08:00 ] /xbsdv5/index.php/Index/index | NOTIC: [8] Undefined index: _ACCESS_LIST CommonAction.class.php 第 197 行.
[ 2013-04-16T10:20:56+08:00 ] /xbsdv5/index.php/Index/index | NOTIC: [8] Undefined index: _ACCESS_LIST CommonAction.class.php 第 197 行.
[ 2013-04-16T10:20:56+08:00 ] /xbsdv5/index.php/Index/index | NOTIC: [8] Undefined index: _ACCESS_LIST CommonAction.class.php 第 197 行.
[ 2013-04-16T10:20:56+08:00 ] /xbsdv5/index.php/Index/index | NOTIC: [8] Undefined index: _ACCESS_LIST CommonAction.class.php 第 197 行.
[ 2013-04-16T10:20:56+08:00 ] /xbsdv5/index.php/Index/index | NOTIC: [8] Undefined index: _ACCESS_LIST CommonAction.class.php 第 197 行.
[ 2013-04-16T10:20:56+08:00 ] /xbsdv5/index.php/Index/index | NOTIC: [8] Undefined index: _ACCESS_LIST CommonAction.class.php 第 197 行.
[ 2013-04-16T10:20:56+08:00 ] /xbsdv5/index.php/Index/index | NOTIC: [8] Undefined index: _ACCESS_LIST CommonAction.class.php 第 197 行.
[ 2013-04-16T10:20:56+08:00 ] /xbsdv5/index.php/Index/index | NOTIC: [8] Undefined index: _ACCESS_LIST CommonAction.class.php 第 197 行.
[ 2013-04-16T10:20:56+08:00 ] /xbsdv5/index.php/Index/index | NOTIC: [8] Undefined index: _ACCESS_LIST CommonAction.class.php 第 197 行.
[ 2013-04-16T10:20:56+08:00 ] /xbsdv5/index.php/Index/index | NOTIC: [8] Undefined index: _ACCESS_LIST CommonAction.class.php 第 197 行.
[ 2013-04-16T10:20:56+08:00 ] /xbsdv5/index.php/Index/index | NOTIC: [8] Undefined index: _ACCESS_LIST CommonAction.class.php 第 197 行.
[ 2013-04-16T10:20:56+08:00 ] /xbsdv5/index.php/Index/index | NOTIC: [8] Undefined index: _ACCESS_LIST CommonAction.class.php 第 197 行.
[ 2013-04-16T10:20:56+08:00 ] /xbsdv5/index.php/Index/index | NOTIC: [8] Undefined index: _ACCESS_LIST CommonAction.class.php 第 197 行.
[ 2013-04-16T10:20:56+08:00 ] /xbsdv5/index.php/Index/index | NOTIC: [8] Undefined index: _ACCESS_LIST CommonAction.class.php 第 197 行.
[ 2013-04-16T10:20:56+08:00 ] /xbsdv5/index.php/Index/index | NOTIC: [8] Undefined index: _ACCESS_LIST CommonAction.class.php 第 197 行.
[ 2013-04-16T10:20:56+08:00 ] /xbsdv5/index.php/Index/index | NOTIC: [8] Undefined index: _ACCESS_LIST CommonAction.class.php 第 197 行.
[ 2013-04-16T10:20:56+08:00 ] /xbsdv5/index.php/Index/index | NOTIC: [8] Undefined index: _ACCESS_LIST CommonAction.class.php 第 197 行.
[ 2013-04-16T10:20:56+08:00 ] /xbsdv5/index.php/Index/index | NOTIC: [8] Undefined index: _ACCESS_LIST CommonAction.class.php 第 197 行.
[ 2013-04-16T10:20:56+08:00 ] /xbsdv5/index.php/Index/index | NOTIC: [8] Undefined index: _ACCESS_LIST CommonAction.class.php 第 197 行.
[ 2013-04-16T10:20:56+08:00 ] /xbsdv5/index.php/Index/index | NOTIC: [8] Undefined index: _ACCESS_LIST CommonAction.class.php 第 197 行.
[ 2013-04-16T10:20:56+08:00 ] /xbsdv5/index.php/Index/index | NOTIC: [8] Undefined index: _ACCESS_LIST CommonAction.class.php 第 197 行.
[ 2013-04-16T10:20:56+08:00 ] /xbsdv5/index.php/Index/index | NOTIC: [8] Undefined index: _ACCESS_LIST CommonAction.class.php 第 197 行.
[ 2013-04-16T10:20:56+08:00 ] /xbsdv5/index.php/Index/index | NOTIC: [8] Undefined index: _ACCESS_LIST CommonAction.class.php 第 197 行.
[ 2013-04-16T10:20:56+08:00 ] /xbsdv5/index.php/Index/index | NOTIC: [8] Undefined index: _ACCESS_LIST CommonAction.class.php 第 197 行.
[ 2013-04-16T10:20:56+08:00 ] /xbsdv5/index.php/Index/index | NOTIC: [8] Undefined index: _ACCESS_LIST CommonAction.class.php 第 197 行.
[ 2013-04-16T10:20:56+08:00 ] /xbsdv5/index.php/Index/index | NOTIC: [8] Undefined index: _ACCESS_LIST CommonAction.class.php 第 197 行.
[ 2013-04-16T10:20:56+08:00 ] /xbsdv5/index.php/Index/index | NOTIC: [8] Undefined index: _ACCESS_LIST CommonAction.class.php 第 197 行.
[ 2013-04-16T10:20:56+08:00 ] /xbsdv5/index.php/Index/index | INFO: Tag[ view_template ] --START--
[ 2013-04-16T10:20:56+08:00 ] /xbsdv5/index.php/Index/index | INFO: Run LocationTemplate Behavior [ RunTime:0.002136s ]
[ 2013-04-16T10:20:56+08:00 ] /xbsdv5/index.php/Index/index | INFO: Tag[ view_template ] --END-- [ RunTime:0.002216s ]
[ 2013-04-16T10:20:56+08:00 ] /xbsdv5/index.php/Index/index | INFO: Tag[ view_parse ] --START--
[ 2013-04-16T10:20:57+08:00 ] /xbsdv5/index.php/Index/index | NOTIC: [8] Undefined variable: notlogin 0dfc9ae07ec4b1c52b694a1bf79b1e62.php 第 38 行.
[ 2013-04-16T10:20:57+08:00 ] /xbsdv5/index.php/Index/index | INFO: Run ParseTemplate Behavior [ RunTime:0.482610s ]
[ 2013-04-16T10:20:57+08:00 ] /xbsdv5/index.php/Index/index | INFO: Tag[ view_parse ] --END-- [ RunTime:0.482706s ]
[ 2013-04-16T10:20:57+08:00 ] /xbsdv5/index.php/Index/index | INFO: Tag[ view_filter ] --START--
[ 2013-04-16T10:20:57+08:00 ] /xbsdv5/index.php/Index/index | INFO: Run ContentReplace Behavior [ RunTime:0.001109s ]
[ 2013-04-16T10:20:57+08:00 ] /xbsdv5/index.php/Index/index | INFO: Run TokenBuild Behavior [ RunTime:0.001134s ]
[ 2013-04-16T10:20:57+08:00 ] /xbsdv5/index.php/Index/index | INFO: Run WriteHtmlCache Behavior [ RunTime:0.001127s ]
[ 2013-04-16T10:20:57+08:00 ] /xbsdv5/index.php/Index/index | INFO: Run ShowRuntime Behavior [ RunTime:0.000973s ]
[ 2013-04-16T10:20:57+08:00 ] /xbsdv5/index.php/Index/index | INFO: Tag[ view_filter ] --END-- [ RunTime:0.004736s ]
[ 2013-04-16T10:20:57+08:00 ] /xbsdv5/index.php/Index/index | INFO: Tag[ view_end ] --START--
[ 2013-04-16T10:20:57+08:00 ] /xbsdv5/index.php/Index/index | INFO: Run ShowPageTrace Behavior [ RunTime:0.000998s ]
[ 2013-04-16T10:20:57+08:00 ] /xbsdv5/index.php/Index/index | INFO: Tag[ view_end ] --END-- [ RunTime:0.001096s ]
[ 2013-04-16T10:20:58+08:00 ] /xbsdv5/index.php/UndergraduatePlanCourse/index/menuid/188 | INFO: Tag[ route_check ] --START--
[ 2013-04-16T10:20:58+08:00 ] /xbsdv5/index.php/UndergraduatePlanCourse/index/menuid/188 | INFO: Run CheckRoute Behavior [ RunTime:0.001358s ]
[ 2013-04-16T10:20:58+08:00 ] /xbsdv5/index.php/UndergraduatePlanCourse/index/menuid/188 | INFO: Tag[ route_check ] --END-- [ RunTime:0.001461s ]
[ 2013-04-16T10:20:58+08:00 ] /xbsdv5/index.php/UndergraduatePlanCourse/index/menuid/188 | INFO: Tag[ app_begin ] --START--
[ 2013-04-16T10:20:58+08:00 ] /xbsdv5/index.php/UndergraduatePlanCourse/index/menuid/188 | INFO: Run ReadHtmlCache Behavior [ RunTime:0.001061s ]
[ 2013-04-16T10:20:58+08:00 ] /xbsdv5/index.php/UndergraduatePlanCourse/index/menuid/188 | INFO: Run CheckLang Behavior [ RunTime:0.002457s ]
[ 2013-04-16T10:20:58+08:00 ] /xbsdv5/index.php/UndergraduatePlanCourse/index/menuid/188 | INFO: Tag[ app_begin ] --END-- [ RunTime:0.003662s ]
[ 2013-04-16T10:20:58+08:00 ] /xbsdv5/index.php/UndergraduatePlanCourse/index/menuid/188 | NOTIC: [8] Undefined index: _ACCESS_LIST CommonAction.class.php 第 197 行.
[ 2013-04-16T10:20:58+08:00 ] /xbsdv5/index.php/UndergraduatePlanCourse/index/menuid/188 | NOTIC: [8] Use of undefined constant nav - assumed 'nav' CommonAction.class.php 第 86 行.
[ 2013-04-16T10:21:00+08:00 ] /xbsdv5/index.php/UndergraduatePlanCourse/index/menuid/188 | SQL: SHOW COLUMNS FROM `teach_task` [ RunTime:0.209488s ]
[ 2013-04-16T10:21:00+08:00 ] /xbsdv5/index.php/UndergraduatePlanCourse/index/menuid/188 | SQL: SHOW COLUMNS FROM `course` [ RunTime:0.209161s ]
[ 2013-04-16T10:21:00+08:00 ] /xbsdv5/index.php/UndergraduatePlanCourse/index/menuid/188 | NOTIC: [8] Undefined index: _ACCESS_LIST CommonAction.class.php 第 197 行.
[ 2013-04-16T10:21:00+08:00 ] /xbsdv5/index.php/UndergraduatePlanCourse/index/menuid/188 | NOTIC: [8] Use of undefined constant nav - assumed 'nav' CommonAction.class.php 第 86 行.
[ 2013-04-16T10:21:01+08:00 ] /xbsdv5/index.php/UndergraduatePlanCourse/index/menuid/188 | SQL: SHOW COLUMNS FROM `teach_task` [ RunTime:0.215023s ]
[ 2013-04-16T10:21:01+08:00 ] /xbsdv5/index.php/UndergraduatePlanCourse/index/menuid/188 | SQL: SHOW COLUMNS FROM `course` [ RunTime:0.208956s ]
[ 2013-04-16T10:21:01+08:00 ] /xbsdv5/index.php/UndergraduatePlanCourse/index/menuid/188 | NOTIC: [8] Undefined index: _ACCESS_LIST CommonAction.class.php 第 197 行.
[ 2013-04-16T10:21:01+08:00 ] /xbsdv5/index.php/UndergraduatePlanCourse/index/menuid/188 | NOTIC: [8] Use of undefined constant nav - assumed 'nav' CommonAction.class.php 第 86 行.
[ 2013-04-16T10:21:01+08:00 ] /xbsdv5/index.php/UndergraduatePlanCourse/index/menuid/188 | SQL: SHOW COLUMNS FROM `teach_task` [ RunTime:0.209746s ]
[ 2013-04-16T10:21:01+08:00 ] /xbsdv5/index.php/UndergraduatePlanCourse/index/menuid/188 | SQL: SHOW COLUMNS FROM `course` [ RunTime:0.208885s ]
[ 2013-04-16T10:21:01+08:00 ] /xbsdv5/index.php/UndergraduatePlanCourse/index/menuid/188 | NOTIC: [8] Undefined index: _ACCESS_LIST CommonAction.class.php 第 197 行.
[ 2013-04-16T10:21:01+08:00 ] /xbsdv5/index.php/UndergraduatePlanCourse/index/menuid/188 | NOTIC: [8] Use of undefined constant nav - assumed 'nav' CommonAction.class.php 第 86 行.
[ 2013-04-16T10:21:02+08:00 ] /xbsdv5/index.php/UndergraduatePlanCourse/index/menuid/188 | SQL: SHOW COLUMNS FROM `teach_task` [ RunTime:0.217440s ]
[ 2013-04-16T10:21:02+08:00 ] /xbsdv5/index.php/UndergraduatePlanCourse/index/menuid/188 | SQL: SHOW COLUMNS FROM `course` [ RunTime:0.209030s ]
[ 2013-04-16T10:21:02+08:00 ] /xbsdv5/index.php/UndergraduatePlanCourse/index/menuid/188 | SQL: SHOW COLUMNS FROM `major` [ RunTime:0.208361s ]
[ 2013-04-16T10:21:02+08:00 ] /xbsdv5/index.php/UndergraduatePlanCourse/index/menuid/188 | SQL: SELECT * FROM `major` WHERE orgid=2 and level=1  [ RunTime:0.207907s ]
[ 2013-04-16T10:21:02+08:00 ] /xbsdv5/index.php/UndergraduatePlanCourse/index/menuid/188 | SQL: SHOW COLUMNS FROM `config` [ RunTime:0.208406s ]
[ 2013-04-16T10:21:03+08:00 ] /xbsdv5/index.php/UndergraduatePlanCourse/index/menuid/188 | SQL: SELECT * FROM `config` WHERE varname='spring_semester' LIMIT 1   [ RunTime:0.206099s ]
[ 2013-04-16T10:21:03+08:00 ] /xbsdv5/index.php/UndergraduatePlanCourse/index/menuid/188 | SQL: SELECT * FROM `config` WHERE varname='spring_semester' LIMIT 1   [ RunTime:0.210017s ]
[ 2013-04-16T10:21:03+08:00 ] /xbsdv5/index.php/UndergraduatePlanCourse/index/menuid/188 | SQL: SHOW COLUMNS FROM `data_dict` [ RunTime:0.209899s ]
[ 2013-04-16T10:21:03+08:00 ] /xbsdv5/index.php/UndergraduatePlanCourse/index/menuid/188 | SQL: SELECT fd_value as id,fd_mean as name FROM `data_dict` WHERE tb_name='course' and fd_name='semester' ORDER BY seq  [ RunTime:0.210623s ]
[ 2013-04-16T10:21:04+08:00 ] /xbsdv5/index.php/UndergraduatePlanCourse/index/menuid/188 | SQL: SHOW COLUMNS FROM `data_dict` [ RunTime:0.714549s ]
[ 2013-04-16T10:21:05+08:00 ] /xbsdv5/index.php/UndergraduatePlanCourse/index/menuid/188 | SQL: SELECT fd_value as id,fd_mean as name FROM `data_dict` WHERE tb_name='course' and fd_name='level' ORDER BY seq  [ RunTime:1.307528s ]
[ 2013-04-16T10:21:06+08:00 ] /xbsdv5/index.php/UndergraduatePlanCourse/index/menuid/188 | SQL: SHOW COLUMNS FROM `data_dict` [ RunTime:0.208001s ]
[ 2013-04-16T10:21:06+08:00 ] /xbsdv5/index.php/UndergraduatePlanCourse/index/menuid/188 | SQL: SELECT fd_value as id,fd_mean as name FROM `data_dict` WHERE tb_name='course' and fd_name='property' ORDER BY seq  [ RunTime:0.208238s ]
[ 2013-04-16T10:21:06+08:00 ] /xbsdv5/index.php/UndergraduatePlanCourse/index/menuid/188 | SQL: SHOW COLUMNS FROM `data_dict` [ RunTime:0.210051s ]
[ 2013-04-16T10:21:06+08:00 ] /xbsdv5/index.php/UndergraduatePlanCourse/index/menuid/188 | SQL: SELECT fd_value as id,fd_mean as name FROM `data_dict` WHERE tb_name='course' and fd_name='cou_category' ORDER BY seq  [ RunTime:0.207005s ]
[ 2013-04-16T10:21:06+08:00 ] /xbsdv5/index.php/UndergraduatePlanCourse/index/menuid/188 | SQL: SHOW COLUMNS FROM `data_dict` [ RunTime:0.208994s ]
[ 2013-04-16T10:21:07+08:00 ] /xbsdv5/index.php/UndergraduatePlanCourse/index/menuid/188 | SQL: SELECT fd_value as id,fd_mean as name FROM `data_dict` WHERE tb_name='course' and fd_name='cou_type' ORDER BY seq  [ RunTime:0.207242s ]
[ 2013-04-16T10:21:07+08:00 ] /xbsdv5/index.php/UndergraduatePlanCourse/index/menuid/188 | SQL: SHOW COLUMNS FROM `data_dict` [ RunTime:0.208780s ]
[ 2013-04-16T10:21:07+08:00 ] /xbsdv5/index.php/UndergraduatePlanCourse/index/menuid/188 | SQL: SELECT fd_value as id,fd_mean as name FROM `data_dict` WHERE tb_name='course' and fd_name='exam_type' ORDER BY seq  [ RunTime:0.206578s ]
[ 2013-04-16T10:21:07+08:00 ] /xbsdv5/index.php/UndergraduatePlanCourse/index/menuid/188 | INFO: Tag[ view_template ] --START--
[ 2013-04-16T10:21:07+08:00 ] /xbsdv5/index.php/UndergraduatePlanCourse/index/menuid/188 | INFO: Run LocationTemplate Behavior [ RunTime:0.001595s ]
[ 2013-04-16T10:21:07+08:00 ] /xbsdv5/index.php/UndergraduatePlanCourse/index/menuid/188 | INFO: Tag[ view_template ] --END-- [ RunTime:0.001681s ]
[ 2013-04-16T10:21:07+08:00 ] /xbsdv5/index.php/UndergraduatePlanCourse/index/menuid/188 | INFO: Tag[ view_parse ] --START--
[ 2013-04-16T10:21:07+08:00 ] /xbsdv5/index.php/UndergraduatePlanCourse/index/menuid/188 | INFO: Run ParseTemplate Behavior [ RunTime:0.079446s ]
[ 2013-04-16T10:21:07+08:00 ] /xbsdv5/index.php/UndergraduatePlanCourse/index/menuid/188 | INFO: Tag[ view_parse ] --END-- [ RunTime:0.079544s ]
[ 2013-04-16T10:21:07+08:00 ] /xbsdv5/index.php/UndergraduatePlanCourse/index/menuid/188 | INFO: Tag[ view_filter ] --START--
[ 2013-04-16T10:21:07+08:00 ] /xbsdv5/index.php/UndergraduatePlanCourse/index/menuid/188 | INFO: Run ContentReplace Behavior [ RunTime:0.001294s ]
[ 2013-04-16T10:21:07+08:00 ] /xbsdv5/index.php/UndergraduatePlanCourse/index/menuid/188 | INFO: Run TokenBuild Behavior [ RunTime:0.001197s ]
[ 2013-04-16T10:21:07+08:00 ] /xbsdv5/index.php/UndergraduatePlanCourse/index/menuid/188 | INFO: Run WriteHtmlCache Behavior [ RunTime:0.000792s ]
[ 2013-04-16T10:21:07+08:00 ] /xbsdv5/index.php/UndergraduatePlanCourse/index/menuid/188 | INFO: Run ShowRuntime Behavior [ RunTime:0.000957s ]
[ 2013-04-16T10:21:07+08:00 ] /xbsdv5/index.php/UndergraduatePlanCourse/index/menuid/188 | INFO: Tag[ view_filter ] --END-- [ RunTime:0.004468s ]
[ 2013-04-16T10:21:07+08:00 ] /xbsdv5/index.php/UndergraduatePlanCourse/index/menuid/188 | INFO: Tag[ view_end ] --START--
[ 2013-04-16T10:21:07+08:00 ] /xbsdv5/index.php/UndergraduatePlanCourse/index/menuid/188 | INFO: Run ShowPageTrace Behavior [ RunTime:0.001104s ]
[ 2013-04-16T10:21:07+08:00 ] /xbsdv5/index.php/UndergraduatePlanCourse/index/menuid/188 | INFO: Tag[ view_end ] --END-- [ RunTime:0.001186s ]
[ 2013-04-16T10:21:06+08:00 ] /xbsdv5/index.php/ThesisTitle/index_jwadmin/category/1/menuid/57 | INFO: Tag[ route_check ] --START--
[ 2013-04-16T10:21:06+08:00 ] /xbsdv5/index.php/ThesisTitle/index_jwadmin/category/1/menuid/57 | INFO: Run CheckRoute Behavior [ RunTime:0.001280s ]
[ 2013-04-16T10:21:06+08:00 ] /xbsdv5/index.php/ThesisTitle/index_jwadmin/category/1/menuid/57 | INFO: Tag[ route_check ] --END-- [ RunTime:0.001376s ]
[ 2013-04-16T10:21:06+08:00 ] /xbsdv5/index.php/ThesisTitle/index_jwadmin/category/1/menuid/57 | INFO: Tag[ app_begin ] --START--
[ 2013-04-16T10:21:06+08:00 ] /xbsdv5/index.php/ThesisTitle/index_jwadmin/category/1/menuid/57 | INFO: Run ReadHtmlCache Behavior [ RunTime:0.000926s ]
[ 2013-04-16T10:21:06+08:00 ] /xbsdv5/index.php/ThesisTitle/index_jwadmin/category/1/menuid/57 | INFO: Run CheckLang Behavior [ RunTime:0.002272s ]
[ 2013-04-16T10:21:06+08:00 ] /xbsdv5/index.php/ThesisTitle/index_jwadmin/category/1/menuid/57 | INFO: Tag[ app_begin ] --END-- [ RunTime:0.003319s ]
[ 2013-04-16T10:21:09+08:00 ] /xbsdv5/index.php/ThesisTitle/index_jwadmin/category/1/menuid/57 | SQL: SHOW COLUMNS FROM `thesis_title` [ RunTime:0.203261s ]
[ 2013-04-16T10:21:09+08:00 ] /xbsdv5/index.php/ThesisTitle/index_jwadmin/category/1/menuid/57 | NOTIC: [8] Undefined index: _ACCESS_LIST CommonAction.class.php 第 197 行.
[ 2013-04-16T10:21:09+08:00 ] /xbsdv5/index.php/ThesisTitle/index_jwadmin/category/1/menuid/57 | NOTIC: [8] Use of undefined constant nav - assumed 'nav' CommonAction.class.php 第 86 行.
[ 2013-04-16T10:21:09+08:00 ] /xbsdv5/index.php/ThesisTitle/index_jwadmin/category/1/menuid/57 | NOTIC: [8] Undefined index: result ThesisTitleAction.class.php 第 31 行.
[ 2013-04-16T10:21:09+08:00 ] /xbsdv5/index.php/ThesisTitle/index_jwadmin/category/1/menuid/57 | NOTIC: [8] Undefined index: result functions.php 第 441 行.
[ 2013-04-16T10:21:09+08:00 ] /xbsdv5/index.php/ThesisTitle/index_jwadmin/category/1/menuid/57 | NOTIC: [8] Undefined index: year ThesisTitleAction.class.php 第 31 行.
[ 2013-04-16T10:21:09+08:00 ] /xbsdv5/index.php/ThesisTitle/index_jwadmin/category/1/menuid/57 | NOTIC: [8] Undefined index: year functions.php 第 441 行.
[ 2013-04-16T10:21:09+08:00 ] /xbsdv5/index.php/ThesisTitle/index_jwadmin/category/1/menuid/57 | NOTIC: [8] Undefined index: majorid ThesisTitleAction.class.php 第 31 行.
[ 2013-04-16T10:21:09+08:00 ] /xbsdv5/index.php/ThesisTitle/index_jwadmin/category/1/menuid/57 | NOTIC: [8] Undefined index: majorid functions.php 第 441 行.
[ 2013-04-16T10:21:09+08:00 ] /xbsdv5/index.php/ThesisTitle/index_jwadmin/category/1/menuid/57 | SQL: SHOW COLUMNS FROM `major` [ RunTime:0.202235s ]
[ 2013-04-16T10:21:09+08:00 ] /xbsdv5/index.php/ThesisTitle/index_jwadmin/category/1/menuid/57 | SQL: SELECT `majorid`,`name` FROM `major`  [ RunTime:0.201330s ]
[ 2013-04-16T10:21:09+08:00 ] /xbsdv5/index.php/ThesisTitle/index_jwadmin/category/1/menuid/57 | SQL: SHOW COLUMNS FROM `data_dict` [ RunTime:0.201404s ]
[ 2013-04-16T10:21:10+08:00 ] /xbsdv5/index.php/ThesisTitle/index_jwadmin/category/1/menuid/57 | SQL: SELECT fd_value as id,fd_mean as name FROM `data_dict` WHERE tb_name='thesis_title' and fd_name='result' ORDER BY seq  [ RunTime:0.200303s ]
[ 2013-04-16T10:21:10+08:00 ] /xbsdv5/index.php/ThesisTitle/index_jwadmin/category/1/menuid/57 | INFO: Tag[ view_template ] --START--
[ 2013-04-16T10:21:10+08:00 ] /xbsdv5/index.php/ThesisTitle/index_jwadmin/category/1/menuid/57 | INFO: Run LocationTemplate Behavior [ RunTime:0.001462s ]
[ 2013-04-16T10:21:10+08:00 ] /xbsdv5/index.php/ThesisTitle/index_jwadmin/category/1/menuid/57 | INFO: Tag[ view_template ] --END-- [ RunTime:0.001548s ]
[ 2013-04-16T10:21:10+08:00 ] /xbsdv5/index.php/ThesisTitle/index_jwadmin/category/1/menuid/57 | INFO: Tag[ view_parse ] --START--
[ 2013-04-16T10:21:10+08:00 ] /xbsdv5/index.php/ThesisTitle/index_jwadmin/category/1/menuid/57 | NOTIC: [8] Use of undefined constant bnav - assumed 'bnav' 936d7946ab3881047f76d62fbe89f3ce.php 第 48 行.
[ 2013-04-16T10:21:10+08:00 ] /xbsdv5/index.php/ThesisTitle/index_jwadmin/category/1/menuid/57 | NOTIC: [8] Use of undefined constant model - assumed 'model' 936d7946ab3881047f76d62fbe89f3ce.php 第 48 行.
[ 2013-04-16T10:21:10+08:00 ] /xbsdv5/index.php/ThesisTitle/index_jwadmin/category/1/menuid/57 | NOTIC: [8] Use of undefined constant bnav - assumed 'bnav' 936d7946ab3881047f76d62fbe89f3ce.php 第 48 行.
[ 2013-04-16T10:21:10+08:00 ] /xbsdv5/index.php/ThesisTitle/index_jwadmin/category/1/menuid/57 | NOTIC: [8] Use of undefined constant action - assumed 'action' 936d7946ab3881047f76d62fbe89f3ce.php 第 48 行.
[ 2013-04-16T10:21:10+08:00 ] /xbsdv5/index.php/ThesisTitle/index_jwadmin/category/1/menuid/57 | NOTIC: [8] Use of undefined constant bnav - assumed 'bnav' 936d7946ab3881047f76d62fbe89f3ce.php 第 48 行.
[ 2013-04-16T10:21:10+08:00 ] /xbsdv5/index.php/ThesisTitle/index_jwadmin/category/1/menuid/57 | NOTIC: [8] Use of undefined constant data - assumed 'data' 936d7946ab3881047f76d62fbe89f3ce.php 第 48 行.
[ 2013-04-16T10:21:10+08:00 ] /xbsdv5/index.php/ThesisTitle/index_jwadmin/category/1/menuid/57 | NOTIC: [8] Use of undefined constant majorid - assumed 'majorid' 936d7946ab3881047f76d62fbe89f3ce.php 第 79 行.
[ 2013-04-16T10:21:10+08:00 ] /xbsdv5/index.php/ThesisTitle/index_jwadmin/category/1/menuid/57 | NOTIC: [8] Use of undefined constant name - assumed 'name' 936d7946ab3881047f76d62fbe89f3ce.php 第 81 行.
[ 2013-04-16T10:21:10+08:00 ] /xbsdv5/index.php/ThesisTitle/index_jwadmin/category/1/menuid/57 | NOTIC: [8] Use of undefined constant majorid - assumed 'majorid' 936d7946ab3881047f76d62fbe89f3ce.php 第 79 行.
[ 2013-04-16T10:21:10+08:00 ] /xbsdv5/index.php/ThesisTitle/index_jwadmin/category/1/menuid/57 | NOTIC: [8] Use of undefined constant name - assumed 'name' 936d7946ab3881047f76d62fbe89f3ce.php 第 81 行.
[ 2013-04-16T10:21:10+08:00 ] /xbsdv5/index.php/ThesisTitle/index_jwadmin/category/1/menuid/57 | NOTIC: [8] Use of undefined constant majorid - assumed 'majorid' 936d7946ab3881047f76d62fbe89f3ce.php 第 79 行.
[ 2013-04-16T10:21:10+08:00 ] /xbsdv5/index.php/ThesisTitle/index_jwadmin/category/1/menuid/57 | NOTIC: [8] Use of undefined constant name - assumed 'name' 936d7946ab3881047f76d62fbe89f3ce.php 第 81 行.
[ 2013-04-16T10:21:10+08:00 ] /xbsdv5/index.php/ThesisTitle/index_jwadmin/category/1/menuid/57 | NOTIC: [8] Use of undefined constant majorid - assumed 'majorid' 936d7946ab3881047f76d62fbe89f3ce.php 第 79 行.
[ 2013-04-16T10:21:10+08:00 ] /xbsdv5/index.php/ThesisTitle/index_jwadmin/category/1/menuid/57 | NOTIC: [8] Use of undefined constant name - assumed 'name' 936d7946ab3881047f76d62fbe89f3ce.php 第 81 行.
[ 2013-04-16T10:21:10+08:00 ] /xbsdv5/index.php/ThesisTitle/index_jwadmin/category/1/menuid/57 | NOTIC: [8] Use of undefined constant majorid - assumed 'majorid' 936d7946ab3881047f76d62fbe89f3ce.php 第 79 行.
[ 2013-04-16T10:21:10+08:00 ] /xbsdv5/index.php/ThesisTitle/index_jwadmin/category/1/menuid/57 | NOTIC: [8] Use of undefined constant name - assumed 'name' 936d7946ab3881047f76d62fbe89f3ce.php 第 81 行.
[ 2013-04-16T10:21:10+08:00 ] /xbsdv5/index.php/ThesisTitle/index_jwadmin/category/1/menuid/57 | NOTIC: [8] Use of undefined constant majorid - assumed 'majorid' 936d7946ab3881047f76d62fbe89f3ce.php 第 79 行.
[ 2013-04-16T10:21:10+08:00 ] /xbsdv5/index.php/ThesisTitle/index_jwadmin/category/1/menuid/57 | NOTIC: [8] Use of undefined constant name - assumed 'name' 936d7946ab3881047f76d62fbe89f3ce.php 第 81 行.
[ 2013-04-16T10:21:10+08:00 ] /xbsdv5/index.php/ThesisTitle/index_jwadmin/category/1/menuid/57 | NOTIC: [8] Use of undefined constant majorid - assumed 'majorid' 936d7946ab3881047f76d62fbe89f3ce.php 第 79 行.
[ 2013-04-16T10:21:10+08:00 ] /xbsdv5/index.php/ThesisTitle/index_jwadmin/category/1/menuid/57 | NOTIC: [8] Use of undefined constant name - assumed 'name' 936d7946ab3881047f76d62fbe89f3ce.php 第 81 行.
[ 2013-04-16T10:21:10+08:00 ] /xbsdv5/index.php/ThesisTitle/index_jwadmin/category/1/menuid/57 | NOTIC: [8] Use of undefined constant majorid - assumed 'majorid' 936d7946ab3881047f76d62fbe89f3ce.php 第 79 行.
[ 2013-04-16T10:21:10+08:00 ] /xbsdv5/index.php/ThesisTitle/index_jwadmin/category/1/menuid/57 | NOTIC: [8] Use of undefined constant name - assumed 'name' 936d7946ab3881047f76d62fbe89f3ce.php 第 81 行.
[ 2013-04-16T10:21:10+08:00 ] /xbsdv5/index.php/ThesisTitle/index_jwadmin/category/1/menuid/57 | NOTIC: [8] Use of undefined constant majorid - assumed 'majorid' 936d7946ab3881047f76d62fbe89f3ce.php 第 79 行.
[ 2013-04-16T10:21:10+08:00 ] /xbsdv5/index.php/ThesisTitle/index_jwadmin/category/1/menuid/57 | NOTIC: [8] Use of undefined constant name - assumed 'name' 936d7946ab3881047f76d62fbe89f3ce.php 第 81 行.
[ 2013-04-16T10:21:10+08:00 ] /xbsdv5/index.php/ThesisTitle/index_jwadmin/category/1/menuid/57 | NOTIC: [8] Use of undefined constant majorid - assumed 'majorid' 936d7946ab3881047f76d62fbe89f3ce.php 第 79 行.
[ 2013-04-16T10:21:10+08:00 ] /xbsdv5/index.php/ThesisTitle/index_jwadmin/category/1/menuid/57 | NOTIC: [8] Use of undefined constant name - assumed 'name' 936d7946ab3881047f76d62fbe89f3ce.php 第 81 行.
[ 2013-04-16T10:21:10+08:00 ] /xbsdv5/index.php/ThesisTitle/index_jwadmin/category/1/menuid/57 | NOTIC: [8] Use of undefined constant majorid - assumed 'majorid' 936d7946ab3881047f76d62fbe89f3ce.php 第 79 行.
[ 2013-04-16T10:21:10+08:00 ] /xbsdv5/index.php/ThesisTitle/index_jwadmin/category/1/menuid/57 | NOTIC: [8] Use of undefined constant name - assumed 'name' 936d7946ab3881047f76d62fbe89f3ce.php 第 81 行.
[ 2013-04-16T10:21:10+08:00 ] /xbsdv5/index.php/ThesisTitle/index_jwadmin/category/1/menuid/57 | NOTIC: [8] Use of undefined constant majorid - assumed 'majorid' 936d7946ab3881047f76d62fbe89f3ce.php 第 79 行.
[ 2013-04-16T10:21:10+08:00 ] /xbsdv5/index.php/ThesisTitle/index_jwadmin/category/1/menuid/57 | NOTIC: [8] Use of undefined constant name - assumed 'name' 936d7946ab3881047f76d62fbe89f3ce.php 第 81 行.
[ 2013-04-16T10:21:10+08:00 ] /xbsdv5/index.php/ThesisTitle/index_jwadmin/category/1/menuid/57 | NOTIC: [8] Use of undefined constant majorid - assumed 'majorid' 936d7946ab3881047f76d62fbe89f3ce.php 第 79 行.
[ 2013-04-16T10:21:10+08:00 ] /xbsdv5/index.php/ThesisTitle/index_jwadmin/category/1/menuid/57 | NOTIC: [8] Use of undefined constant name - assumed 'name' 936d7946ab3881047f76d62fbe89f3ce.php 第 81 行.
[ 2013-04-16T10:21:10+08:00 ] /xbsdv5/index.php/ThesisTitle/index_jwadmin/category/1/menuid/57 | NOTIC: [8] Use of undefined constant majorid - assumed 'majorid' 936d7946ab3881047f76d62fbe89f3ce.php 第 79 行.
[ 2013-04-16T10:21:10+08:00 ] /xbsdv5/index.php/ThesisTitle/index_jwadmin/category/1/menuid/57 | NOTIC: [8] Use of undefined constant name - assumed 'name' 936d7946ab3881047f76d62fbe89f3ce.php 第 81 行.
[ 2013-04-16T10:21:10+08:00 ] /xbsdv5/index.php/ThesisTitle/index_jwadmin/category/1/menuid/57 | NOTIC: [8] Use of undefined constant majorid - assumed 'majorid' 936d7946ab3881047f76d62fbe89f3ce.php 第 79 行.
[ 2013-04-16T10:21:10+08:00 ] /xbsdv5/index.php/ThesisTitle/index_jwadmin/category/1/menuid/57 | NOTIC: [8] Use of undefined constant name - assumed 'name' 936d7946ab3881047f76d62fbe89f3ce.php 第 81 行.
[ 2013-04-16T10:21:10+08:00 ] /xbsdv5/index.php/ThesisTitle/index_jwadmin/category/1/menuid/57 | NOTIC: [8] Undefined variable: year_list 936d7946ab3881047f76d62fbe89f3ce.php 第 85 行.
[ 2013-04-16T10:21:10+08:00 ] /xbsdv5/index.php/ThesisTitle/index_jwadmin/category/1/menuid/57 | NOTIC: [8] Undefined variable: list 936d7946ab3881047f76d62fbe89f3ce.php 第 112 行.
[ 2013-04-16T10:21:10+08:00 ] /xbsdv5/index.php/ThesisTitle/index_jwadmin/category/1/menuid/57 | INFO: Run ParseTemplate Behavior [ RunTime:0.118297s ]
[ 2013-04-16T10:21:10+08:00 ] /xbsdv5/index.php/ThesisTitle/index_jwadmin/category/1/menuid/57 | INFO: Tag[ view_parse ] --END-- [ RunTime:0.118366s ]
[ 2013-04-16T10:21:10+08:00 ] /xbsdv5/index.php/ThesisTitle/index_jwadmin/category/1/menuid/57 | INFO: Tag[ view_filter ] --START--
[ 2013-04-16T10:21:10+08:00 ] /xbsdv5/index.php/ThesisTitle/index_jwadmin/category/1/menuid/57 | INFO: Run ContentReplace Behavior [ RunTime:0.000996s ]
[ 2013-04-16T10:21:10+08:00 ] /xbsdv5/index.php/ThesisTitle/index_jwadmin/category/1/menuid/57 | INFO: Run TokenBuild Behavior [ RunTime:0.000843s ]
[ 2013-04-16T10:21:10+08:00 ] /xbsdv5/index.php/ThesisTitle/index_jwadmin/category/1/menuid/57 | INFO: Run WriteHtmlCache Behavior [ RunTime:0.000670s ]
[ 2013-04-16T10:21:10+08:00 ] /xbsdv5/index.php/ThesisTitle/index_jwadmin/category/1/menuid/57 | INFO: Run ShowRuntime Behavior [ RunTime:0.000918s ]
[ 2013-04-16T10:21:10+08:00 ] /xbsdv5/index.php/ThesisTitle/index_jwadmin/category/1/menuid/57 | INFO: Tag[ view_filter ] --END-- [ RunTime:0.003666s ]
[ 2013-04-16T10:21:10+08:00 ] /xbsdv5/index.php/ThesisTitle/index_jwadmin/category/1/menuid/57 | INFO: Tag[ view_end ] --START--
[ 2013-04-16T10:21:10+08:00 ] /xbsdv5/index.php/ThesisTitle/index_jwadmin/category/1/menuid/57 | INFO: Run ShowPageTrace Behavior [ RunTime:0.000869s ]
[ 2013-04-16T10:21:10+08:00 ] /xbsdv5/index.php/ThesisTitle/index_jwadmin/category/1/menuid/57 | INFO: Tag[ view_end ] --END-- [ RunTime:0.000939s ]
[ 2013-04-16T10:21:36+08:00 ] /xbsdv5/index.php/ThesisTitle/index_jwadmin/majorid/1/year/2009/result/1/category/1 | INFO: Tag[ route_check ] --START--
[ 2013-04-16T10:21:36+08:00 ] /xbsdv5/index.php/ThesisTitle/index_jwadmin/majorid/1/year/2009/result/1/category/1 | INFO: Run CheckRoute Behavior [ RunTime:0.001042s ]
[ 2013-04-16T10:21:36+08:00 ] /xbsdv5/index.php/ThesisTitle/index_jwadmin/majorid/1/year/2009/result/1/category/1 | INFO: Tag[ route_check ] --END-- [ RunTime:0.001133s ]
[ 2013-04-16T10:21:36+08:00 ] /xbsdv5/index.php/ThesisTitle/index_jwadmin/majorid/1/year/2009/result/1/category/1 | INFO: Tag[ app_begin ] --START--
[ 2013-04-16T10:21:36+08:00 ] /xbsdv5/index.php/ThesisTitle/index_jwadmin/majorid/1/year/2009/result/1/category/1 | INFO: Run ReadHtmlCache Behavior [ RunTime:0.000775s ]
[ 2013-04-16T10:21:36+08:00 ] /xbsdv5/index.php/ThesisTitle/index_jwadmin/majorid/1/year/2009/result/1/category/1 | INFO: Run CheckLang Behavior [ RunTime:0.001788s ]
[ 2013-04-16T10:21:36+08:00 ] /xbsdv5/index.php/ThesisTitle/index_jwadmin/majorid/1/year/2009/result/1/category/1 | INFO: Tag[ app_begin ] --END-- [ RunTime:0.002683s ]
[ 2013-04-16T10:21:38+08:00 ] /xbsdv5/index.php/ThesisTitle/index_jwadmin/majorid/1/year/2009/result/1/category/1 | SQL: SHOW COLUMNS FROM `thesis_title` [ RunTime:0.226100s ]
[ 2013-04-16T10:21:38+08:00 ] /xbsdv5/index.php/ThesisTitle/index_jwadmin/majorid/1/year/2009/result/1/category/1 | NOTIC: [8] Undefined index: menuid CommonAction.class.php 第 79 行.
[ 2013-04-16T10:21:38+08:00 ] /xbsdv5/index.php/ThesisTitle/index_jwadmin/majorid/1/year/2009/result/1/category/1 | SQL: SHOW COLUMNS FROM `major` [ RunTime:0.212682s ]
[ 2013-04-16T10:21:38+08:00 ] /xbsdv5/index.php/ThesisTitle/index_jwadmin/majorid/1/year/2009/result/1/category/1 | SQL: SELECT `majorid`,`name` FROM `major`  [ RunTime:0.216342s ]
[ 2013-04-16T10:21:38+08:00 ] /xbsdv5/index.php/ThesisTitle/index_jwadmin/majorid/1/year/2009/result/1/category/1 | NOTIC: [8] Undefined offset: 1 Action.class.php 第 233 行.
[ 2013-04-16T10:21:39+08:00 ] /xbsdv5/index.php/ThesisTitle/index_jwadmin/majorid/1/year/2009/result/1/category/1 | SQL: SHOW COLUMNS FROM `major_year` [ RunTime:0.217168s ]
[ 2013-04-16T10:21:39+08:00 ] /xbsdv5/index.php/ThesisTitle/index_jwadmin/majorid/1/year/2009/result/1/category/1 | SQL: SELECT year as id,year as name FROM `major_year` WHERE majorid=1  [ RunTime:0.217849s ]
[ 2013-04-16T10:21:39+08:00 ] /xbsdv5/index.php/ThesisTitle/index_jwadmin/majorid/1/year/2009/result/1/category/1 | SQL: SHOW COLUMNS FROM `data_dict` [ RunTime:0.220684s ]
[ 2013-04-16T10:21:39+08:00 ] /xbsdv5/index.php/ThesisTitle/index_jwadmin/majorid/1/year/2009/result/1/category/1 | SQL: SELECT fd_value as id,fd_mean as name FROM `data_dict` WHERE tb_name='thesis_title' and fd_name='result' ORDER BY seq  [ RunTime:0.213290s ]
[ 2013-04-16T10:21:39+08:00 ] /xbsdv5/index.php/ThesisTitle/index_jwadmin/majorid/1/year/2009/result/1/category/1 | NOTIC: [8] Undefined offset: 1 Action.class.php 第 233 行.
[ 2013-04-16T10:21:39+08:00 ] /xbsdv5/index.php/ThesisTitle/index_jwadmin/majorid/1/year/2009/result/1/category/1 | NOTIC: [8] Undefined offset: 1 Action.class.php 第 233 行.
[ 2013-04-16T10:21:39+08:00 ] /xbsdv5/index.php/ThesisTitle/index_jwadmin/majorid/1/year/2009/result/1/category/1 | SQL: SELECT COUNT(*) AS tp_count FROM `thesis_title` WHERE category=1 and grade=2009 and majorid=1 and result=1 LIMIT 1   [ RunTime:0.213418s ]
[ 2013-04-16T10:21:40+08:00 ] /xbsdv5/index.php/ThesisTitle/index_jwadmin/majorid/1/year/2009/result/1/category/1 | SQL: SELECT `thesisid`,get_teacher_name(teacherid) as teacherid,`name`,`content`,get_field_dict_name('thesis_title','type',type) as type,`max_num`,`select_num`,`result`,`grade`,get_major_name(majorid) as majorid,get_field_dict_name('thesis_title','result',result) as result_name,`comment`,get_field_dict_name('thesis_title','category',category) as category,get_field_dict_name('thesis_title','level',level) as level FROM `thesis_title` WHERE category=1 and grade=2009 and majorid=1 and result=1 LIMIT 0,10   [ RunTime:0.222958s ]
[ 2013-04-16T10:21:40+08:00 ] /xbsdv5/index.php/ThesisTitle/index_jwadmin/majorid/1/year/2009/result/1/category/1 | SQL: SHOW COLUMNS FROM `config` [ RunTime:0.211655s ]
[ 2013-04-16T10:21:40+08:00 ] /xbsdv5/index.php/ThesisTitle/index_jwadmin/majorid/1/year/2009/result/1/category/1 | SQL: SELECT * FROM `config` WHERE varname='thesis_result_wait' LIMIT 1   [ RunTime:0.212332s ]
[ 2013-04-16T10:21:40+08:00 ] /xbsdv5/index.php/ThesisTitle/index_jwadmin/majorid/1/year/2009/result/1/category/1 | SQL: SELECT * FROM `config` WHERE varname='thesis_charge_result_pass' LIMIT 1   [ RunTime:0.212028s ]
[ 2013-04-16T10:21:41+08:00 ] /xbsdv5/index.php/ThesisTitle/index_jwadmin/majorid/1/year/2009/result/1/category/1 | SQL: SELECT * FROM `config` WHERE varname='thesis_dean_result_pass' LIMIT 1   [ RunTime:0.209912s ]
[ 2013-04-16T10:21:41+08:00 ] /xbsdv5/index.php/ThesisTitle/index_jwadmin/majorid/1/year/2009/result/1/category/1 | SQL: SELECT * FROM `config` WHERE varname='thesis_result_failed' LIMIT 1   [ RunTime:0.772834s ]
[ 2013-04-16T10:21:41+08:00 ] /xbsdv5/index.php/ThesisTitle/index_jwadmin/majorid/1/year/2009/result/1/category/1 | INFO: Tag[ view_template ] --START--
[ 2013-04-16T10:21:41+08:00 ] /xbsdv5/index.php/ThesisTitle/index_jwadmin/majorid/1/year/2009/result/1/category/1 | INFO: Run LocationTemplate Behavior [ RunTime:0.001437s ]
[ 2013-04-16T10:21:41+08:00 ] /xbsdv5/index.php/ThesisTitle/index_jwadmin/majorid/1/year/2009/result/1/category/1 | INFO: Tag[ view_template ] --END-- [ RunTime:0.001515s ]
[ 2013-04-16T10:21:41+08:00 ] /xbsdv5/index.php/ThesisTitle/index_jwadmin/majorid/1/year/2009/result/1/category/1 | INFO: Tag[ view_parse ] --START--
[ 2013-04-16T10:21:41+08:00 ] /xbsdv5/index.php/ThesisTitle/index_jwadmin/majorid/1/year/2009/result/1/category/1 | NOTIC: [8] Use of undefined constant bnav - assumed 'bnav' 936d7946ab3881047f76d62fbe89f3ce.php 第 48 行.
[ 2013-04-16T10:21:41+08:00 ] /xbsdv5/index.php/ThesisTitle/index_jwadmin/majorid/1/year/2009/result/1/category/1 | NOTIC: [8] Use of undefined constant model - assumed 'model' 936d7946ab3881047f76d62fbe89f3ce.php 第 48 行.
[ 2013-04-16T10:21:41+08:00 ] /xbsdv5/index.php/ThesisTitle/index_jwadmin/majorid/1/year/2009/result/1/category/1 | NOTIC: [8] Undefined variable: nav 936d7946ab3881047f76d62fbe89f3ce.php 第 48 行.
[ 2013-04-16T10:21:41+08:00 ] /xbsdv5/index.php/ThesisTitle/index_jwadmin/majorid/1/year/2009/result/1/category/1 | NOTIC: [8] Use of undefined constant bnav - assumed 'bnav' 936d7946ab3881047f76d62fbe89f3ce.php 第 48 行.
[ 2013-04-16T10:21:41+08:00 ] /xbsdv5/index.php/ThesisTitle/index_jwadmin/majorid/1/year/2009/result/1/category/1 | NOTIC: [8] Use of undefined constant action - assumed 'action' 936d7946ab3881047f76d62fbe89f3ce.php 第 48 行.
[ 2013-04-16T10:21:41+08:00 ] /xbsdv5/index.php/ThesisTitle/index_jwadmin/majorid/1/year/2009/result/1/category/1 | NOTIC: [8] Undefined variable: nav 936d7946ab3881047f76d62fbe89f3ce.php 第 48 行.
[ 2013-04-16T10:21:41+08:00 ] /xbsdv5/index.php/ThesisTitle/index_jwadmin/majorid/1/year/2009/result/1/category/1 | NOTIC: [8] Use of undefined constant bnav - assumed 'bnav' 936d7946ab3881047f76d62fbe89f3ce.php 第 48 行.
[ 2013-04-16T10:21:41+08:00 ] /xbsdv5/index.php/ThesisTitle/index_jwadmin/majorid/1/year/2009/result/1/category/1 | NOTIC: [8] Use of undefined constant data - assumed 'data' 936d7946ab3881047f76d62fbe89f3ce.php 第 48 行.
[ 2013-04-16T10:21:41+08:00 ] /xbsdv5/index.php/ThesisTitle/index_jwadmin/majorid/1/year/2009/result/1/category/1 | NOTIC: [8] Undefined variable: nav 936d7946ab3881047f76d62fbe89f3ce.php 第 48 行.
[ 2013-04-16T10:21:41+08:00 ] /xbsdv5/index.php/ThesisTitle/index_jwadmin/majorid/1/year/2009/result/1/category/1 | NOTIC: [8] Undefined variable: nav 936d7946ab3881047f76d62fbe89f3ce.php 第 48 行.
[ 2013-04-16T10:21:41+08:00 ] /xbsdv5/index.php/ThesisTitle/index_jwadmin/majorid/1/year/2009/result/1/category/1 | NOTIC: [8] Undefined variable: nav 936d7946ab3881047f76d62fbe89f3ce.php 第 48 行.
[ 2013-04-16T10:21:41+08:00 ] /xbsdv5/index.php/ThesisTitle/index_jwadmin/majorid/1/year/2009/result/1/category/1 | NOTIC: [8] Undefined variable: nav 936d7946ab3881047f76d62fbe89f3ce.php 第 49 行.
[ 2013-04-16T10:21:41+08:00 ] /xbsdv5/index.php/ThesisTitle/index_jwadmin/majorid/1/year/2009/result/1/category/1 | NOTIC: [8] Use of undefined constant majorid - assumed 'majorid' 936d7946ab3881047f76d62fbe89f3ce.php 第 79 行.
[ 2013-04-16T10:21:41+08:00 ] /xbsdv5/index.php/ThesisTitle/index_jwadmin/majorid/1/year/2009/result/1/category/1 | NOTIC: [8] Use of undefined constant name - assumed 'name' 936d7946ab3881047f76d62fbe89f3ce.php 第 79 行.
[ 2013-04-16T10:21:41+08:00 ] /xbsdv5/index.php/ThesisTitle/index_jwadmin/majorid/1/year/2009/result/1/category/1 | NOTIC: [8] Use of undefined constant majorid - assumed 'majorid' 936d7946ab3881047f76d62fbe89f3ce.php 第 79 行.
[ 2013-04-16T10:21:41+08:00 ] /xbsdv5/index.php/ThesisTitle/index_jwadmin/majorid/1/year/2009/result/1/category/1 | NOTIC: [8] Use of undefined constant name - assumed 'name' 936d7946ab3881047f76d62fbe89f3ce.php 第 81 行.
[ 2013-04-16T10:21:41+08:00 ] /xbsdv5/index.php/ThesisTitle/index_jwadmin/majorid/1/year/2009/result/1/category/1 | NOTIC: [8] Use of undefined constant majorid - assumed 'majorid' 936d7946ab3881047f76d62fbe89f3ce.php 第 79 行.
[ 2013-04-16T10:21:41+08:00 ] /xbsdv5/index.php/ThesisTitle/index_jwadmin/majorid/1/year/2009/result/1/category/1 | NOTIC: [8] Use of undefined constant name - assumed 'name' 936d7946ab3881047f76d62fbe89f3ce.php 第 81 行.
[ 2013-04-16T10:21:41+08:00 ] /xbsdv5/index.php/ThesisTitle/index_jwadmin/majorid/1/year/2009/result/1/category/1 | NOTIC: [8] Use of undefined constant majorid - assumed 'majorid' 936d7946ab3881047f76d62fbe89f3ce.php 第 79 行.
[ 2013-04-16T10:21:41+08:00 ] /xbsdv5/index.php/ThesisTitle/index_jwadmin/majorid/1/year/2009/result/1/category/1 | NOTIC: [8] Use of undefined constant name - assumed 'name' 936d7946ab3881047f76d62fbe89f3ce.php 第 81 行.
[ 2013-04-16T10:21:41+08:00 ] /xbsdv5/index.php/ThesisTitle/index_jwadmin/majorid/1/year/2009/result/1/category/1 | NOTIC: [8] Use of undefined constant majorid - assumed 'majorid' 936d7946ab3881047f76d62fbe89f3ce.php 第 79 行.
[ 2013-04-16T10:21:41+08:00 ] /xbsdv5/index.php/ThesisTitle/index_jwadmin/majorid/1/year/2009/result/1/category/1 | NOTIC: [8] Use of undefined constant name - assumed 'name' 936d7946ab3881047f76d62fbe89f3ce.php 第 81 行.
[ 2013-04-16T10:21:41+08:00 ] /xbsdv5/index.php/ThesisTitle/index_jwadmin/majorid/1/year/2009/result/1/category/1 | NOTIC: [8] Use of undefined constant majorid - assumed 'majorid' 936d7946ab3881047f76d62fbe89f3ce.php 第 79 行.
[ 2013-04-16T10:21:41+08:00 ] /xbsdv5/index.php/ThesisTitle/index_jwadmin/majorid/1/year/2009/result/1/category/1 | NOTIC: [8] Use of undefined constant name - assumed 'name' 936d7946ab3881047f76d62fbe89f3ce.php 第 81 行.
[ 2013-04-16T10:21:41+08:00 ] /xbsdv5/index.php/ThesisTitle/index_jwadmin/majorid/1/year/2009/result/1/category/1 | NOTIC: [8] Use of undefined constant majorid - assumed 'majorid' 936d7946ab3881047f76d62fbe89f3ce.php 第 79 行.
[ 2013-04-16T10:21:41+08:00 ] /xbsdv5/index.php/ThesisTitle/index_jwadmin/majorid/1/year/2009/result/1/category/1 | NOTIC: [8] Use of undefined constant name - assumed 'name' 936d7946ab3881047f76d62fbe89f3ce.php 第 81 行.
[ 2013-04-16T10:21:41+08:00 ] /xbsdv5/index.php/ThesisTitle/index_jwadmin/majorid/1/year/2009/result/1/category/1 | NOTIC: [8] Use of undefined constant majorid - assumed 'majorid' 936d7946ab3881047f76d62fbe89f3ce.php 第 79 行.
[ 2013-04-16T10:21:41+08:00 ] /xbsdv5/index.php/ThesisTitle/index_jwadmin/majorid/1/year/2009/result/1/category/1 | NOTIC: [8] Use of undefined constant name - assumed 'name' 936d7946ab3881047f76d62fbe89f3ce.php 第 81 行.
[ 2013-04-16T10:21:41+08:00 ] /xbsdv5/index.php/ThesisTitle/index_jwadmin/majorid/1/year/2009/result/1/category/1 | NOTIC: [8] Use of undefined constant majorid - assumed 'majorid' 936d7946ab3881047f76d62fbe89f3ce.php 第 79 行.
[ 2013-04-16T10:21:41+08:00 ] /xbsdv5/index.php/ThesisTitle/index_jwadmin/majorid/1/year/2009/result/1/category/1 | NOTIC: [8] Use of undefined constant name - assumed 'name' 936d7946ab3881047f76d62fbe89f3ce.php 第 81 行.
[ 2013-04-16T10:21:41+08:00 ] /xbsdv5/index.php/ThesisTitle/index_jwadmin/majorid/1/year/2009/result/1/category/1 | NOTIC: [8] Use of undefined constant majorid - assumed 'majorid' 936d7946ab3881047f76d62fbe89f3ce.php 第 79 行.
[ 2013-04-16T10:21:41+08:00 ] /xbsdv5/index.php/ThesisTitle/index_jwadmin/majorid/1/year/2009/result/1/category/1 | NOTIC: [8] Use of undefined constant name - assumed 'name' 936d7946ab3881047f76d62fbe89f3ce.php 第 81 行.
[ 2013-04-16T10:21:41+08:00 ] /xbsdv5/index.php/ThesisTitle/index_jwadmin/majorid/1/year/2009/result/1/category/1 | NOTIC: [8] Use of undefined constant majorid - assumed 'majorid' 936d7946ab3881047f76d62fbe89f3ce.php 第 79 行.
[ 2013-04-16T10:21:41+08:00 ] /xbsdv5/index.php/ThesisTitle/index_jwadmin/majorid/1/year/2009/result/1/category/1 | NOTIC: [8] Use of undefined constant name - assumed 'name' 936d7946ab3881047f76d62fbe89f3ce.php 第 81 行.
[ 2013-04-16T10:21:41+08:00 ] /xbsdv5/index.php/ThesisTitle/index_jwadmin/majorid/1/year/2009/result/1/category/1 | NOTIC: [8] Use of undefined constant majorid - assumed 'majorid' 936d7946ab3881047f76d62fbe89f3ce.php 第 79 行.
[ 2013-04-16T10:21:41+08:00 ] /xbsdv5/index.php/ThesisTitle/index_jwadmin/majorid/1/year/2009/result/1/category/1 | NOTIC: [8] Use of undefined constant name - assumed 'name' 936d7946ab3881047f76d62fbe89f3ce.php 第 81 行.
[ 2013-04-16T10:21:41+08:00 ] /xbsdv5/index.php/ThesisTitle/index_jwadmin/majorid/1/year/2009/result/1/category/1 | NOTIC: [8] Use of undefined constant majorid - assumed 'majorid' 936d7946ab3881047f76d62fbe89f3ce.php 第 79 行.
[ 2013-04-16T10:21:41+08:00 ] /xbsdv5/index.php/ThesisTitle/index_jwadmin/majorid/1/year/2009/result/1/category/1 | NOTIC: [8] Use of undefined constant name - assumed 'name' 936d7946ab3881047f76d62fbe89f3ce.php 第 81 行.
[ 2013-04-16T10:21:41+08:00 ] /xbsdv5/index.php/ThesisTitle/index_jwadmin/majorid/1/year/2009/result/1/category/1 | NOTIC: [8] Use of undefined constant majorid - assumed 'majorid' 936d7946ab3881047f76d62fbe89f3ce.php 第 79 行.
[ 2013-04-16T10:21:41+08:00 ] /xbsdv5/index.php/ThesisTitle/index_jwadmin/majorid/1/year/2009/result/1/category/1 | NOTIC: [8] Use of undefined constant name - assumed 'name' 936d7946ab3881047f76d62fbe89f3ce.php 第 81 行.
[ 2013-04-16T10:21:41+08:00 ] /xbsdv5/index.php/ThesisTitle/index_jwadmin/majorid/1/year/2009/result/1/category/1 | NOTIC: [8] Use of undefined constant majorid - assumed 'majorid' 936d7946ab3881047f76d62fbe89f3ce.php 第 79 行.
[ 2013-04-16T10:21:41+08:00 ] /xbsdv5/index.php/ThesisTitle/index_jwadmin/majorid/1/year/2009/result/1/category/1 | NOTIC: [8] Use of undefined constant name - assumed 'name' 936d7946ab3881047f76d62fbe89f3ce.php 第 81 行.
[ 2013-04-16T10:21:41+08:00 ] /xbsdv5/index.php/ThesisTitle/index_jwadmin/majorid/1/year/2009/result/1/category/1 | NOTIC: [8] Use of undefined constant name - assumed 'name' 936d7946ab3881047f76d62fbe89f3ce.php 第 113 行.
[ 2013-04-16T10:21:41+08:00 ] /xbsdv5/index.php/ThesisTitle/index_jwadmin/majorid/1/year/2009/result/1/category/1 | NOTIC: [8] Use of undefined constant type - assumed 'type' 936d7946ab3881047f76d62fbe89f3ce.php 第 114 行.
[ 2013-04-16T10:21:41+08:00 ] /xbsdv5/index.php/ThesisTitle/index_jwadmin/majorid/1/year/2009/result/1/category/1 | NOTIC: [8] Use of undefined constant grade - assumed 'grade' 936d7946ab3881047f76d62fbe89f3ce.php 第 115 行.
[ 2013-04-16T10:21:41+08:00 ] /xbsdv5/index.php/ThesisTitle/index_jwadmin/majorid/1/year/2009/result/1/category/1 | NOTIC: [8] Use of undefined constant majorid - assumed 'majorid' 936d7946ab3881047f76d62fbe89f3ce.php 第 116 行.
[ 2013-04-16T10:21:41+08:00 ] /xbsdv5/index.php/ThesisTitle/index_jwadmin/majorid/1/year/2009/result/1/category/1 | NOTIC: [8] Use of undefined constant level - assumed 'level' 936d7946ab3881047f76d62fbe89f3ce.php 第 117 行.
[ 2013-04-16T10:21:41+08:00 ] /xbsdv5/index.php/ThesisTitle/index_jwadmin/majorid/1/year/2009/result/1/category/1 | NOTIC: [8] Use of undefined constant result_name - assumed 'result_name' 936d7946ab3881047f76d62fbe89f3ce.php 第 122 行.
[ 2013-04-16T10:21:41+08:00 ] /xbsdv5/index.php/ThesisTitle/index_jwadmin/majorid/1/year/2009/result/1/category/1 | NOTIC: [8] Use of undefined constant thesisid - assumed 'thesisid' 936d7946ab3881047f76d62fbe89f3ce.php 第 125 行.
[ 2013-04-16T10:21:41+08:00 ] /xbsdv5/index.php/ThesisTitle/index_jwadmin/majorid/1/year/2009/result/1/category/1 | INFO: Run ParseTemplate Behavior [ RunTime:0.022875s ]
[ 2013-04-16T10:21:41+08:00 ] /xbsdv5/index.php/ThesisTitle/index_jwadmin/majorid/1/year/2009/result/1/category/1 | INFO: Tag[ view_parse ] --END-- [ RunTime:0.022942s ]
[ 2013-04-16T10:21:41+08:00 ] /xbsdv5/index.php/ThesisTitle/index_jwadmin/majorid/1/year/2009/result/1/category/1 | INFO: Tag[ view_filter ] --START--
[ 2013-04-16T10:21:41+08:00 ] /xbsdv5/index.php/ThesisTitle/index_jwadmin/majorid/1/year/2009/result/1/category/1 | INFO: Run ContentReplace Behavior [ RunTime:0.000890s ]
[ 2013-04-16T10:21:41+08:00 ] /xbsdv5/index.php/ThesisTitle/index_jwadmin/majorid/1/year/2009/result/1/category/1 | INFO: Run TokenBuild Behavior [ RunTime:0.000789s ]
[ 2013-04-16T10:21:41+08:00 ] /xbsdv5/index.php/ThesisTitle/index_jwadmin/majorid/1/year/2009/result/1/category/1 | INFO: Run WriteHtmlCache Behavior [ RunTime:0.000620s ]
[ 2013-04-16T10:21:41+08:00 ] /xbsdv5/index.php/ThesisTitle/index_jwadmin/majorid/1/year/2009/result/1/category/1 | INFO: Run ShowRuntime Behavior [ RunTime:0.000835s ]
[ 2013-04-16T10:21:41+08:00 ] /xbsdv5/index.php/ThesisTitle/index_jwadmin/majorid/1/year/2009/result/1/category/1 | INFO: Tag[ view_filter ] --END-- [ RunTime:0.003323s ]
[ 2013-04-16T10:21:41+08:00 ] /xbsdv5/index.php/ThesisTitle/index_jwadmin/majorid/1/year/2009/result/1/category/1 | INFO: Tag[ view_end ] --START--
[ 2013-04-16T10:21:41+08:00 ] /xbsdv5/index.php/ThesisTitle/index_jwadmin/majorid/1/year/2009/result/1/category/1 | INFO: Run ShowPageTrace Behavior [ RunTime:0.000884s ]
[ 2013-04-16T10:21:41+08:00 ] /xbsdv5/index.php/ThesisTitle/index_jwadmin/majorid/1/year/2009/result/1/category/1 | INFO: Tag[ view_end ] --END-- [ RunTime:0.000950s ]
[ 2013-04-16T10:21:45+08:00 ] /xbsdv5/index.php/ThesisTitle/approve/thesisid/3/category/1 | INFO: Tag[ route_check ] --START--
[ 2013-04-16T10:21:45+08:00 ] /xbsdv5/index.php/ThesisTitle/approve/thesisid/3/category/1 | INFO: Run CheckRoute Behavior [ RunTime:0.001035s ]
[ 2013-04-16T10:21:45+08:00 ] /xbsdv5/index.php/ThesisTitle/approve/thesisid/3/category/1 | INFO: Tag[ route_check ] --END-- [ RunTime:0.001133s ]
[ 2013-04-16T10:21:45+08:00 ] /xbsdv5/index.php/ThesisTitle/approve/thesisid/3/category/1 | INFO: Tag[ app_begin ] --START--
[ 2013-04-16T10:21:45+08:00 ] /xbsdv5/index.php/ThesisTitle/approve/thesisid/3/category/1 | INFO: Run ReadHtmlCache Behavior [ RunTime:0.000765s ]
[ 2013-04-16T10:21:45+08:00 ] /xbsdv5/index.php/ThesisTitle/approve/thesisid/3/category/1 | INFO: Run CheckLang Behavior [ RunTime:0.001774s ]
[ 2013-04-16T10:21:45+08:00 ] /xbsdv5/index.php/ThesisTitle/approve/thesisid/3/category/1 | INFO: Tag[ app_begin ] --END-- [ RunTime:0.002657s ]
[ 2013-04-16T10:21:47+08:00 ] /xbsdv5/index.php/ThesisTitle/approve/thesisid/3/category/1 | SQL: SHOW COLUMNS FROM `thesis_title` [ RunTime:0.198187s ]
[ 2013-04-16T10:21:47+08:00 ] /xbsdv5/index.php/ThesisTitle/approve/thesisid/3/category/1 | NOTIC: [8] Undefined index: menuid CommonAction.class.php 第 79 行.
[ 2013-04-16T10:21:47+08:00 ] /xbsdv5/index.php/ThesisTitle/approve/thesisid/3/category/1 | NOTIC: [8] Undefined offset: 1 Action.class.php 第 233 行.
[ 2013-04-16T10:21:47+08:00 ] /xbsdv5/index.php/ThesisTitle/approve/thesisid/3/category/1 | SQL: SELECT `thesisid`,get_teacher_name(teacherid) as teacherid,`name`,`content`,get_field_dict_name('thesis_title','type',type) as type_name,`type`,`max_num`,`select_num`,`result`,get_field_dict_name('thesis_title','result',result) as result_name,`comment`,`category`,get_field_dict_name('thesis_title','category',category) as category_name,`grade`,`majorid`,get_major_name(majorid) as majorid_name,`level`,get_field_dict_name('thesis_title','level',level) as level_name,`dean_comment` FROM `thesis_title` WHERE ( `thesisid` = '3' ) LIMIT 1   [ RunTime:0.198898s ]
[ 2013-04-16T10:21:47+08:00 ] /xbsdv5/index.php/ThesisTitle/approve/thesisid/3/category/1 | INFO: Tag[ view_template ] --START--
[ 2013-04-16T10:21:47+08:00 ] /xbsdv5/index.php/ThesisTitle/approve/thesisid/3/category/1 | INFO: Run LocationTemplate Behavior [ RunTime:0.000993s ]
[ 2013-04-16T10:21:47+08:00 ] /xbsdv5/index.php/ThesisTitle/approve/thesisid/3/category/1 | INFO: Tag[ view_template ] --END-- [ RunTime:0.001071s ]
[ 2013-04-16T10:21:47+08:00 ] /xbsdv5/index.php/ThesisTitle/approve/thesisid/3/category/1 | INFO: Tag[ view_parse ] --START--
[ 2013-04-16T10:21:47+08:00 ] /xbsdv5/index.php/ThesisTitle/approve/thesisid/3/category/1 | INFO: Run ParseTemplate Behavior [ RunTime:0.009416s ]
[ 2013-04-16T10:21:47+08:00 ] /xbsdv5/index.php/ThesisTitle/approve/thesisid/3/category/1 | INFO: Tag[ view_parse ] --END-- [ RunTime:0.009510s ]
[ 2013-04-16T10:21:47+08:00 ] /xbsdv5/index.php/ThesisTitle/approve/thesisid/3/category/1 | INFO: Tag[ view_filter ] --START--
[ 2013-04-16T10:21:47+08:00 ] /xbsdv5/index.php/ThesisTitle/approve/thesisid/3/category/1 | INFO: Run ContentReplace Behavior [ RunTime:0.000651s ]
[ 2013-04-16T10:21:47+08:00 ] /xbsdv5/index.php/ThesisTitle/approve/thesisid/3/category/1 | INFO: Run TokenBuild Behavior [ RunTime:0.000743s ]
[ 2013-04-16T10:21:47+08:00 ] /xbsdv5/index.php/ThesisTitle/approve/thesisid/3/category/1 | INFO: Run WriteHtmlCache Behavior [ RunTime:0.000539s ]
[ 2013-04-16T10:21:47+08:00 ] /xbsdv5/index.php/ThesisTitle/approve/thesisid/3/category/1 | INFO: Run ShowRuntime Behavior [ RunTime:0.000734s ]
[ 2013-04-16T10:21:47+08:00 ] /xbsdv5/index.php/ThesisTitle/approve/thesisid/3/category/1 | INFO: Tag[ view_filter ] --END-- [ RunTime:0.002874s ]
[ 2013-04-16T10:21:47+08:00 ] /xbsdv5/index.php/ThesisTitle/approve/thesisid/3/category/1 | INFO: Tag[ view_end ] --START--
[ 2013-04-16T10:21:47+08:00 ] /xbsdv5/index.php/ThesisTitle/approve/thesisid/3/category/1 | INFO: Run ShowPageTrace Behavior [ RunTime:0.000694s ]
[ 2013-04-16T10:21:47+08:00 ] /xbsdv5/index.php/ThesisTitle/approve/thesisid/3/category/1 | INFO: Tag[ view_end ] --END-- [ RunTime:0.000763s ]
[ 2013-04-16T10:21:55+08:00 ] /xbsdv5/index.php/ThesisTitle/approve/thesisid/3/category/1 | INFO: Tag[ route_check ] --START--
[ 2013-04-16T10:21:55+08:00 ] /xbsdv5/index.php/ThesisTitle/approve/thesisid/3/category/1 | INFO: Run CheckRoute Behavior [ RunTime:0.001035s ]
[ 2013-04-16T10:21:55+08:00 ] /xbsdv5/index.php/ThesisTitle/approve/thesisid/3/category/1 | INFO: Tag[ route_check ] --END-- [ RunTime:0.001126s ]
[ 2013-04-16T10:21:55+08:00 ] /xbsdv5/index.php/ThesisTitle/approve/thesisid/3/category/1 | INFO: Tag[ app_begin ] --START--
[ 2013-04-16T10:21:55+08:00 ] /xbsdv5/index.php/ThesisTitle/approve/thesisid/3/category/1 | INFO: Run ReadHtmlCache Behavior [ RunTime:0.000974s ]
[ 2013-04-16T10:21:55+08:00 ] /xbsdv5/index.php/ThesisTitle/approve/thesisid/3/category/1 | INFO: Run CheckLang Behavior [ RunTime:0.001814s ]
[ 2013-04-16T10:21:55+08:00 ] /xbsdv5/index.php/ThesisTitle/approve/thesisid/3/category/1 | INFO: Tag[ app_begin ] --END-- [ RunTime:0.002909s ]
[ 2013-04-16T10:21:57+08:00 ] /xbsdv5/index.php/ThesisTitle/approve/thesisid/3/category/1 | SQL: SHOW COLUMNS FROM `thesis_title` [ RunTime:0.208526s ]
[ 2013-04-16T10:21:57+08:00 ] /xbsdv5/index.php/ThesisTitle/approve/thesisid/3/category/1 | NOTIC: [8] Undefined index: menuid CommonAction.class.php 第 79 行.
[ 2013-04-16T10:21:57+08:00 ] /xbsdv5/index.php/ThesisTitle/approve/thesisid/3/category/1 | NOTIC: [8] Undefined offset: 1 Action.class.php 第 233 行.
[ 2013-04-16T10:21:57+08:00 ] /xbsdv5/index.php/ThesisTitle/approve/thesisid/3/category/1 | SQL: SELECT `thesisid`,get_teacher_name(teacherid) as teacherid,`name`,`content`,get_field_dict_name('thesis_title','type',type) as type_name,`type`,`max_num`,`select_num`,`result`,get_field_dict_name('thesis_title','result',result) as result_name,`comment`,`category`,get_field_dict_name('thesis_title','category',category) as category_name,`grade`,`majorid`,get_major_name(majorid) as majorid_name,`level`,get_field_dict_name('thesis_title','level',level) as level_name,`dean_comment` FROM `thesis_title` WHERE ( `thesisid` = '3' ) LIMIT 1   [ RunTime:0.211221s ]
[ 2013-04-16T10:21:57+08:00 ] /xbsdv5/index.php/ThesisTitle/approve/thesisid/3/category/1 | INFO: Tag[ view_template ] --START--
[ 2013-04-16T10:21:57+08:00 ] /xbsdv5/index.php/ThesisTitle/approve/thesisid/3/category/1 | INFO: Run LocationTemplate Behavior [ RunTime:0.000975s ]
[ 2013-04-16T10:21:57+08:00 ] /xbsdv5/index.php/ThesisTitle/approve/thesisid/3/category/1 | INFO: Tag[ view_template ] --END-- [ RunTime:0.001052s ]
[ 2013-04-16T10:21:57+08:00 ] /xbsdv5/index.php/ThesisTitle/approve/thesisid/3/category/1 | INFO: Tag[ view_parse ] --START--
[ 2013-04-16T10:21:57+08:00 ] /xbsdv5/index.php/ThesisTitle/approve/thesisid/3/category/1 | INFO: Run ParseTemplate Behavior [ RunTime:0.008868s ]
[ 2013-04-16T10:21:57+08:00 ] /xbsdv5/index.php/ThesisTitle/approve/thesisid/3/category/1 | INFO: Tag[ view_parse ] --END-- [ RunTime:0.008958s ]
[ 2013-04-16T10:21:57+08:00 ] /xbsdv5/index.php/ThesisTitle/approve/thesisid/3/category/1 | INFO: Tag[ view_filter ] --START--
[ 2013-04-16T10:21:57+08:00 ] /xbsdv5/index.php/ThesisTitle/approve/thesisid/3/category/1 | INFO: Run ContentReplace Behavior [ RunTime:0.000620s ]
[ 2013-04-16T10:21:57+08:00 ] /xbsdv5/index.php/ThesisTitle/approve/thesisid/3/category/1 | INFO: Run TokenBuild Behavior [ RunTime:0.000649s ]
[ 2013-04-16T10:21:57+08:00 ] /xbsdv5/index.php/ThesisTitle/approve/thesisid/3/category/1 | INFO: Run WriteHtmlCache Behavior [ RunTime:0.000476s ]
[ 2013-04-16T10:21:57+08:00 ] /xbsdv5/index.php/ThesisTitle/approve/thesisid/3/category/1 | INFO: Run ShowRuntime Behavior [ RunTime:0.000660s ]
[ 2013-04-16T10:21:57+08:00 ] /xbsdv5/index.php/ThesisTitle/approve/thesisid/3/category/1 | INFO: Tag[ view_filter ] --END-- [ RunTime:0.002591s ]
[ 2013-04-16T10:21:57+08:00 ] /xbsdv5/index.php/ThesisTitle/approve/thesisid/3/category/1 | INFO: Tag[ view_end ] --START--
[ 2013-04-16T10:21:57+08:00 ] /xbsdv5/index.php/ThesisTitle/approve/thesisid/3/category/1 | INFO: Run ShowPageTrace Behavior [ RunTime:0.000672s ]
[ 2013-04-16T10:21:57+08:00 ] /xbsdv5/index.php/ThesisTitle/approve/thesisid/3/category/1 | INFO: Tag[ view_end ] --END-- [ RunTime:0.000738s ]
[ 2013-04-16T10:23:13+08:00 ] /xbsdv5/index.php/ThesisTitle/index_jwadmin/category/2/menuid/58 | INFO: Tag[ route_check ] --START--
[ 2013-04-16T10:23:13+08:00 ] /xbsdv5/index.php/ThesisTitle/index_jwadmin/category/2/menuid/58 | INFO: Run CheckRoute Behavior [ RunTime:0.001324s ]
[ 2013-04-16T10:23:13+08:00 ] /xbsdv5/index.php/ThesisTitle/index_jwadmin/category/2/menuid/58 | INFO: Tag[ route_check ] --END-- [ RunTime:0.001423s ]
[ 2013-04-16T10:23:13+08:00 ] /xbsdv5/index.php/ThesisTitle/index_jwadmin/category/2/menuid/58 | INFO: Tag[ app_begin ] --START--
[ 2013-04-16T10:23:13+08:00 ] /xbsdv5/index.php/ThesisTitle/index_jwadmin/category/2/menuid/58 | INFO: Run ReadHtmlCache Behavior [ RunTime:0.001003s ]
[ 2013-04-16T10:23:13+08:00 ] /xbsdv5/index.php/ThesisTitle/index_jwadmin/category/2/menuid/58 | INFO: Run CheckLang Behavior [ RunTime:0.002358s ]
[ 2013-04-16T10:23:13+08:00 ] /xbsdv5/index.php/ThesisTitle/index_jwadmin/category/2/menuid/58 | INFO: Tag[ app_begin ] --END-- [ RunTime:0.003482s ]
[ 2013-04-16T10:23:15+08:00 ] /xbsdv5/index.php/ThesisTitle/index_jwadmin/category/2/menuid/58 | SQL: SHOW COLUMNS FROM `thesis_title` [ RunTime:0.220737s ]
[ 2013-04-16T10:23:15+08:00 ] /xbsdv5/index.php/ThesisTitle/index_jwadmin/category/2/menuid/58 | NOTIC: [8] Undefined index: _ACCESS_LIST CommonAction.class.php 第 197 行.
[ 2013-04-16T10:23:15+08:00 ] /xbsdv5/index.php/ThesisTitle/index_jwadmin/category/2/menuid/58 | NOTIC: [8] Use of undefined constant nav - assumed 'nav' CommonAction.class.php 第 86 行.
[ 2013-04-16T10:23:15+08:00 ] /xbsdv5/index.php/ThesisTitle/index_jwadmin/category/2/menuid/58 | NOTIC: [8] Undefined index: result ThesisTitleAction.class.php 第 31 行.
[ 2013-04-16T10:23:15+08:00 ] /xbsdv5/index.php/ThesisTitle/index_jwadmin/category/2/menuid/58 | NOTIC: [8] Undefined index: year ThesisTitleAction.class.php 第 31 行.
[ 2013-04-16T10:23:15+08:00 ] /xbsdv5/index.php/ThesisTitle/index_jwadmin/category/2/menuid/58 | NOTIC: [8] Undefined index: majorid ThesisTitleAction.class.php 第 31 行.
[ 2013-04-16T10:23:15+08:00 ] /xbsdv5/index.php/ThesisTitle/index_jwadmin/category/2/menuid/58 | SQL: SHOW COLUMNS FROM `major` [ RunTime:0.217841s ]
[ 2013-04-16T10:23:15+08:00 ] /xbsdv5/index.php/ThesisTitle/index_jwadmin/category/2/menuid/58 | SQL: SELECT `majorid`,`name` FROM `major`  [ RunTime:0.216556s ]
[ 2013-04-16T10:23:15+08:00 ] /xbsdv5/index.php/ThesisTitle/index_jwadmin/category/2/menuid/58 | NOTIC: [8] Undefined offset: 1 Action.class.php 第 233 行.
[ 2013-04-16T10:23:16+08:00 ] /xbsdv5/index.php/ThesisTitle/index_jwadmin/category/2/menuid/58 | SQL: SHOW COLUMNS FROM `major_year` [ RunTime:0.717228s ]
[ 2013-04-16T10:23:16+08:00 ] /xbsdv5/index.php/ThesisTitle/index_jwadmin/category/2/menuid/58 | SQL: SELECT year as id,year as name FROM `major_year` WHERE majorid=1  [ RunTime:0.221499s ]
[ 2013-04-16T10:23:17+08:00 ] /xbsdv5/index.php/ThesisTitle/index_jwadmin/category/2/menuid/58 | SQL: SHOW COLUMNS FROM `data_dict` [ RunTime:0.229922s ]
[ 2013-04-16T10:23:17+08:00 ] /xbsdv5/index.php/ThesisTitle/index_jwadmin/category/2/menuid/58 | SQL: SELECT fd_value as id,fd_mean as name FROM `data_dict` WHERE tb_name='thesis_title' and fd_name='result' ORDER BY seq  [ RunTime:0.229589s ]
[ 2013-04-16T10:23:17+08:00 ] /xbsdv5/index.php/ThesisTitle/index_jwadmin/category/2/menuid/58 | NOTIC: [8] Undefined offset: 1 Action.class.php 第 233 行.
[ 2013-04-16T10:23:17+08:00 ] /xbsdv5/index.php/ThesisTitle/index_jwadmin/category/2/menuid/58 | NOTIC: [8] Undefined offset: 1 Action.class.php 第 233 行.
[ 2013-04-16T10:23:17+08:00 ] /xbsdv5/index.php/ThesisTitle/index_jwadmin/category/2/menuid/58 | SQL: SELECT COUNT(*) AS tp_count FROM `thesis_title` WHERE category=2 and grade=2009 and majorid=1 and result=1 LIMIT 1   [ RunTime:0.222719s ]
[ 2013-04-16T10:23:17+08:00 ] /xbsdv5/index.php/ThesisTitle/index_jwadmin/category/2/menuid/58 | SQL: SELECT `thesisid`,get_teacher_name(teacherid) as teacherid,`name`,`content`,get_field_dict_name('thesis_title','type',type) as type,`max_num`,`select_num`,`result`,`grade`,get_major_name(majorid) as majorid,get_field_dict_name('thesis_title','result',result) as result_name,`comment`,get_field_dict_name('thesis_title','category',category) as category,get_field_dict_name('thesis_title','level',level) as level FROM `thesis_title` WHERE category=2 and grade=2009 and majorid=1 and result=1 LIMIT 0,10   [ RunTime:0.220353s ]
[ 2013-04-16T10:23:17+08:00 ] /xbsdv5/index.php/ThesisTitle/index_jwadmin/category/2/menuid/58 | SQL: SHOW COLUMNS FROM `config` [ RunTime:0.231009s ]
[ 2013-04-16T10:23:18+08:00 ] /xbsdv5/index.php/ThesisTitle/index_jwadmin/category/2/menuid/58 | SQL: SELECT * FROM `config` WHERE varname='thesis_result_wait' LIMIT 1   [ RunTime:0.216947s ]
[ 2013-04-16T10:23:18+08:00 ] /xbsdv5/index.php/ThesisTitle/index_jwadmin/category/2/menuid/58 | SQL: SELECT * FROM `config` WHERE varname='thesis_charge_result_pass' LIMIT 1   [ RunTime:0.222825s ]
[ 2013-04-16T10:23:18+08:00 ] /xbsdv5/index.php/ThesisTitle/index_jwadmin/category/2/menuid/58 | SQL: SELECT * FROM `config` WHERE varname='thesis_dean_result_pass' LIMIT 1   [ RunTime:0.227596s ]
[ 2013-04-16T10:23:18+08:00 ] /xbsdv5/index.php/ThesisTitle/index_jwadmin/category/2/menuid/58 | SQL: SELECT * FROM `config` WHERE varname='thesis_result_failed' LIMIT 1   [ RunTime:0.215817s ]
[ 2013-04-16T10:23:18+08:00 ] /xbsdv5/index.php/ThesisTitle/index_jwadmin/category/2/menuid/58 | INFO: Tag[ view_template ] --START--
[ 2013-04-16T10:23:18+08:00 ] /xbsdv5/index.php/ThesisTitle/index_jwadmin/category/2/menuid/58 | INFO: Run LocationTemplate Behavior [ RunTime:0.001847s ]
[ 2013-04-16T10:23:18+08:00 ] /xbsdv5/index.php/ThesisTitle/index_jwadmin/category/2/menuid/58 | INFO: Tag[ view_template ] --END-- [ RunTime:0.002022s ]
[ 2013-04-16T10:23:18+08:00 ] /xbsdv5/index.php/ThesisTitle/index_jwadmin/category/2/menuid/58 | INFO: Tag[ view_parse ] --START--
[ 2013-04-16T10:23:18+08:00 ] /xbsdv5/index.php/ThesisTitle/index_jwadmin/category/2/menuid/58 | NOTIC: [8] Use of undefined constant bnav - assumed 'bnav' 936d7946ab3881047f76d62fbe89f3ce.php 第 48 行.
[ 2013-04-16T10:23:18+08:00 ] /xbsdv5/index.php/ThesisTitle/index_jwadmin/category/2/menuid/58 | NOTIC: [8] Use of undefined constant model - assumed 'model' 936d7946ab3881047f76d62fbe89f3ce.php 第 48 行.
[ 2013-04-16T10:23:18+08:00 ] /xbsdv5/index.php/ThesisTitle/index_jwadmin/category/2/menuid/58 | NOTIC: [8] Use of undefined constant bnav - assumed 'bnav' 936d7946ab3881047f76d62fbe89f3ce.php 第 48 行.
[ 2013-04-16T10:23:18+08:00 ] /xbsdv5/index.php/ThesisTitle/index_jwadmin/category/2/menuid/58 | NOTIC: [8] Use of undefined constant action - assumed 'action' 936d7946ab3881047f76d62fbe89f3ce.php 第 48 行.
[ 2013-04-16T10:23:18+08:00 ] /xbsdv5/index.php/ThesisTitle/index_jwadmin/category/2/menuid/58 | NOTIC: [8] Use of undefined constant bnav - assumed 'bnav' 936d7946ab3881047f76d62fbe89f3ce.php 第 48 行.
[ 2013-04-16T10:23:18+08:00 ] /xbsdv5/index.php/ThesisTitle/index_jwadmin/category/2/menuid/58 | NOTIC: [8] Use of undefined constant data - assumed 'data' 936d7946ab3881047f76d62fbe89f3ce.php 第 48 行.
[ 2013-04-16T10:23:18+08:00 ] /xbsdv5/index.php/ThesisTitle/index_jwadmin/category/2/menuid/58 | NOTIC: [8] Use of undefined constant majorid - assumed 'majorid' 936d7946ab3881047f76d62fbe89f3ce.php 第 79 行.
[ 2013-04-16T10:23:18+08:00 ] /xbsdv5/index.php/ThesisTitle/index_jwadmin/category/2/menuid/58 | NOTIC: [8] Use of undefined constant name - assumed 'name' 936d7946ab3881047f76d62fbe89f3ce.php 第 79 行.
[ 2013-04-16T10:23:18+08:00 ] /xbsdv5/index.php/ThesisTitle/index_jwadmin/category/2/menuid/58 | NOTIC: [8] Use of undefined constant majorid - assumed 'majorid' 936d7946ab3881047f76d62fbe89f3ce.php 第 79 行.
[ 2013-04-16T10:23:18+08:00 ] /xbsdv5/index.php/ThesisTitle/index_jwadmin/category/2/menuid/58 | NOTIC: [8] Use of undefined constant name - assumed 'name' 936d7946ab3881047f76d62fbe89f3ce.php 第 81 行.
[ 2013-04-16T10:23:18+08:00 ] /xbsdv5/index.php/ThesisTitle/index_jwadmin/category/2/menuid/58 | NOTIC: [8] Use of undefined constant majorid - assumed 'majorid' 936d7946ab3881047f76d62fbe89f3ce.php 第 79 行.
[ 2013-04-16T10:23:18+08:00 ] /xbsdv5/index.php/ThesisTitle/index_jwadmin/category/2/menuid/58 | NOTIC: [8] Use of undefined constant name - assumed 'name' 936d7946ab3881047f76d62fbe89f3ce.php 第 81 行.
[ 2013-04-16T10:23:18+08:00 ] /xbsdv5/index.php/ThesisTitle/index_jwadmin/category/2/menuid/58 | NOTIC: [8] Use of undefined constant majorid - assumed 'majorid' 936d7946ab3881047f76d62fbe89f3ce.php 第 79 行.
[ 2013-04-16T10:23:18+08:00 ] /xbsdv5/index.php/ThesisTitle/index_jwadmin/category/2/menuid/58 | NOTIC: [8] Use of undefined constant name - assumed 'name' 936d7946ab3881047f76d62fbe89f3ce.php 第 81 行.
[ 2013-04-16T10:23:18+08:00 ] /xbsdv5/index.php/ThesisTitle/index_jwadmin/category/2/menuid/58 | NOTIC: [8] Use of undefined constant majorid - assumed 'majorid' 936d7946ab3881047f76d62fbe89f3ce.php 第 79 行.
[ 2013-04-16T10:23:18+08:00 ] /xbsdv5/index.php/ThesisTitle/index_jwadmin/category/2/menuid/58 | NOTIC: [8] Use of undefined constant name - assumed 'name' 936d7946ab3881047f76d62fbe89f3ce.php 第 81 行.
[ 2013-04-16T10:23:18+08:00 ] /xbsdv5/index.php/ThesisTitle/index_jwadmin/category/2/menuid/58 | NOTIC: [8] Use of undefined constant majorid - assumed 'majorid' 936d7946ab3881047f76d62fbe89f3ce.php 第 79 行.
[ 2013-04-16T10:23:18+08:00 ] /xbsdv5/index.php/ThesisTitle/index_jwadmin/category/2/menuid/58 | NOTIC: [8] Use of undefined constant name - assumed 'name' 936d7946ab3881047f76d62fbe89f3ce.php 第 81 行.
[ 2013-04-16T10:23:18+08:00 ] /xbsdv5/index.php/ThesisTitle/index_jwadmin/category/2/menuid/58 | NOTIC: [8] Use of undefined constant majorid - assumed 'majorid' 936d7946ab3881047f76d62fbe89f3ce.php 第 79 行.
[ 2013-04-16T10:23:18+08:00 ] /xbsdv5/index.php/ThesisTitle/index_jwadmin/category/2/menuid/58 | NOTIC: [8] Use of undefined constant name - assumed 'name' 936d7946ab3881047f76d62fbe89f3ce.php 第 81 行.
[ 2013-04-16T10:23:18+08:00 ] /xbsdv5/index.php/ThesisTitle/index_jwadmin/category/2/menuid/58 | NOTIC: [8] Use of undefined constant majorid - assumed 'majorid' 936d7946ab3881047f76d62fbe89f3ce.php 第 79 行.
[ 2013-04-16T10:23:18+08:00 ] /xbsdv5/index.php/ThesisTitle/index_jwadmin/category/2/menuid/58 | NOTIC: [8] Use of undefined constant name - assumed 'name' 936d7946ab3881047f76d62fbe89f3ce.php 第 81 行.
[ 2013-04-16T10:23:18+08:00 ] /xbsdv5/index.php/ThesisTitle/index_jwadmin/category/2/menuid/58 | NOTIC: [8] Use of undefined constant majorid - assumed 'majorid' 936d7946ab3881047f76d62fbe89f3ce.php 第 79 行.
[ 2013-04-16T10:23:18+08:00 ] /xbsdv5/index.php/ThesisTitle/index_jwadmin/category/2/menuid/58 | NOTIC: [8] Use of undefined constant name - assumed 'name' 936d7946ab3881047f76d62fbe89f3ce.php 第 81 行.
[ 2013-04-16T10:23:18+08:00 ] /xbsdv5/index.php/ThesisTitle/index_jwadmin/category/2/menuid/58 | NOTIC: [8] Use of undefined constant majorid - assumed 'majorid' 936d7946ab3881047f76d62fbe89f3ce.php 第 79 行.
[ 2013-04-16T10:23:18+08:00 ] /xbsdv5/index.php/ThesisTitle/index_jwadmin/category/2/menuid/58 | NOTIC: [8] Use of undefined constant name - assumed 'name' 936d7946ab3881047f76d62fbe89f3ce.php 第 81 行.
[ 2013-04-16T10:23:18+08:00 ] /xbsdv5/index.php/ThesisTitle/index_jwadmin/category/2/menuid/58 | NOTIC: [8] Use of undefined constant majorid - assumed 'majorid' 936d7946ab3881047f76d62fbe89f3ce.php 第 79 行.
[ 2013-04-16T10:23:18+08:00 ] /xbsdv5/index.php/ThesisTitle/index_jwadmin/category/2/menuid/58 | NOTIC: [8] Use of undefined constant name - assumed 'name' 936d7946ab3881047f76d62fbe89f3ce.php 第 81 行.
[ 2013-04-16T10:23:18+08:00 ] /xbsdv5/index.php/ThesisTitle/index_jwadmin/category/2/menuid/58 | NOTIC: [8] Use of undefined constant majorid - assumed 'majorid' 936d7946ab3881047f76d62fbe89f3ce.php 第 79 行.
[ 2013-04-16T10:23:18+08:00 ] /xbsdv5/index.php/ThesisTitle/index_jwadmin/category/2/menuid/58 | NOTIC: [8] Use of undefined constant name - assumed 'name' 936d7946ab3881047f76d62fbe89f3ce.php 第 81 行.
[ 2013-04-16T10:23:18+08:00 ] /xbsdv5/index.php/ThesisTitle/index_jwadmin/category/2/menuid/58 | NOTIC: [8] Use of undefined constant majorid - assumed 'majorid' 936d7946ab3881047f76d62fbe89f3ce.php 第 79 行.
[ 2013-04-16T10:23:18+08:00 ] /xbsdv5/index.php/ThesisTitle/index_jwadmin/category/2/menuid/58 | NOTIC: [8] Use of undefined constant name - assumed 'name' 936d7946ab3881047f76d62fbe89f3ce.php 第 81 行.
[ 2013-04-16T10:23:18+08:00 ] /xbsdv5/index.php/ThesisTitle/index_jwadmin/category/2/menuid/58 | NOTIC: [8] Use of undefined constant majorid - assumed 'majorid' 936d7946ab3881047f76d62fbe89f3ce.php 第 79 行.
[ 2013-04-16T10:23:18+08:00 ] /xbsdv5/index.php/ThesisTitle/index_jwadmin/category/2/menuid/58 | NOTIC: [8] Use of undefined constant name - assumed 'name' 936d7946ab3881047f76d62fbe89f3ce.php 第 81 行.
[ 2013-04-16T10:23:18+08:00 ] /xbsdv5/index.php/ThesisTitle/index_jwadmin/category/2/menuid/58 | NOTIC: [8] Use of undefined constant majorid - assumed 'majorid' 936d7946ab3881047f76d62fbe89f3ce.php 第 79 行.
[ 2013-04-16T10:23:18+08:00 ] /xbsdv5/index.php/ThesisTitle/index_jwadmin/category/2/menuid/58 | NOTIC: [8] Use of undefined constant name - assumed 'name' 936d7946ab3881047f76d62fbe89f3ce.php 第 81 行.
[ 2013-04-16T10:23:18+08:00 ] /xbsdv5/index.php/ThesisTitle/index_jwadmin/category/2/menuid/58 | NOTIC: [8] Use of undefined constant name - assumed 'name' 936d7946ab3881047f76d62fbe89f3ce.php 第 113 行.
[ 2013-04-16T10:23:18+08:00 ] /xbsdv5/index.php/ThesisTitle/index_jwadmin/category/2/menuid/58 | NOTIC: [8] Use of undefined constant type - assumed 'type' 936d7946ab3881047f76d62fbe89f3ce.php 第 114 行.
[ 2013-04-16T10:23:18+08:00 ] /xbsdv5/index.php/ThesisTitle/index_jwadmin/category/2/menuid/58 | NOTIC: [8] Use of undefined constant grade - assumed 'grade' 936d7946ab3881047f76d62fbe89f3ce.php 第 115 行.
[ 2013-04-16T10:23:18+08:00 ] /xbsdv5/index.php/ThesisTitle/index_jwadmin/category/2/menuid/58 | NOTIC: [8] Use of undefined constant majorid - assumed 'majorid' 936d7946ab3881047f76d62fbe89f3ce.php 第 116 行.
[ 2013-04-16T10:23:18+08:00 ] /xbsdv5/index.php/ThesisTitle/index_jwadmin/category/2/menuid/58 | NOTIC: [8] Use of undefined constant level - assumed 'level' 936d7946ab3881047f76d62fbe89f3ce.php 第 117 行.
[ 2013-04-16T10:23:18+08:00 ] /xbsdv5/index.php/ThesisTitle/index_jwadmin/category/2/menuid/58 | NOTIC: [8] Use of undefined constant result_name - assumed 'result_name' 936d7946ab3881047f76d62fbe89f3ce.php 第 122 行.
[ 2013-04-16T10:23:18+08:00 ] /xbsdv5/index.php/ThesisTitle/index_jwadmin/category/2/menuid/58 | NOTIC: [8] Use of undefined constant thesisid - assumed 'thesisid' 936d7946ab3881047f76d62fbe89f3ce.php 第 125 行.
[ 2013-04-16T10:23:18+08:00 ] /xbsdv5/index.php/ThesisTitle/index_jwadmin/category/2/menuid/58 | NOTIC: [8] Use of undefined constant name - assumed 'name' 936d7946ab3881047f76d62fbe89f3ce.php 第 113 行.
[ 2013-04-16T10:23:18+08:00 ] /xbsdv5/index.php/ThesisTitle/index_jwadmin/category/2/menuid/58 | NOTIC: [8] Use of undefined constant type - assumed 'type' 936d7946ab3881047f76d62fbe89f3ce.php 第 114 行.
[ 2013-04-16T10:23:18+08:00 ] /xbsdv5/index.php/ThesisTitle/index_jwadmin/category/2/menuid/58 | NOTIC: [8] Use of undefined constant grade - assumed 'grade' 936d7946ab3881047f76d62fbe89f3ce.php 第 115 行.
[ 2013-04-16T10:23:18+08:00 ] /xbsdv5/index.php/ThesisTitle/index_jwadmin/category/2/menuid/58 | NOTIC: [8] Use of undefined constant majorid - assumed 'majorid' 936d7946ab3881047f76d62fbe89f3ce.php 第 116 行.
[ 2013-04-16T10:23:18+08:00 ] /xbsdv5/index.php/ThesisTitle/index_jwadmin/category/2/menuid/58 | NOTIC: [8] Use of undefined constant level - assumed 'level' 936d7946ab3881047f76d62fbe89f3ce.php 第 117 行.
[ 2013-04-16T10:23:18+08:00 ] /xbsdv5/index.php/ThesisTitle/index_jwadmin/category/2/menuid/58 | NOTIC: [8] Use of undefined constant result_name - assumed 'result_name' 936d7946ab3881047f76d62fbe89f3ce.php 第 122 行.
[ 2013-04-16T10:23:18+08:00 ] /xbsdv5/index.php/ThesisTitle/index_jwadmin/category/2/menuid/58 | NOTIC: [8] Use of undefined constant thesisid - assumed 'thesisid' 936d7946ab3881047f76d62fbe89f3ce.php 第 125 行.
[ 2013-04-16T10:23:18+08:00 ] /xbsdv5/index.php/ThesisTitle/index_jwadmin/category/2/menuid/58 | NOTIC: [8] Use of undefined constant name - assumed 'name' 936d7946ab3881047f76d62fbe89f3ce.php 第 113 行.
[ 2013-04-16T10:23:18+08:00 ] /xbsdv5/index.php/ThesisTitle/index_jwadmin/category/2/menuid/58 | NOTIC: [8] Use of undefined constant type - assumed 'type' 936d7946ab3881047f76d62fbe89f3ce.php 第 114 行.
[ 2013-04-16T10:23:18+08:00 ] /xbsdv5/index.php/ThesisTitle/index_jwadmin/category/2/menuid/58 | NOTIC: [8] Use of undefined constant grade - assumed 'grade' 936d7946ab3881047f76d62fbe89f3ce.php 第 115 行.
[ 2013-04-16T10:23:18+08:00 ] /xbsdv5/index.php/ThesisTitle/index_jwadmin/category/2/menuid/58 | NOTIC: [8] Use of undefined constant majorid - assumed 'majorid' 936d7946ab3881047f76d62fbe89f3ce.php 第 116 行.
[ 2013-04-16T10:23:18+08:00 ] /xbsdv5/index.php/ThesisTitle/index_jwadmin/category/2/menuid/58 | NOTIC: [8] Use of undefined constant level - assumed 'level' 936d7946ab3881047f76d62fbe89f3ce.php 第 117 行.
[ 2013-04-16T10:23:18+08:00 ] /xbsdv5/index.php/ThesisTitle/index_jwadmin/category/2/menuid/58 | NOTIC: [8] Use of undefined constant result_name - assumed 'result_name' 936d7946ab3881047f76d62fbe89f3ce.php 第 122 行.
[ 2013-04-16T10:23:18+08:00 ] /xbsdv5/index.php/ThesisTitle/index_jwadmin/category/2/menuid/58 | NOTIC: [8] Use of undefined constant thesisid - assumed 'thesisid' 936d7946ab3881047f76d62fbe89f3ce.php 第 125 行.
[ 2013-04-16T10:23:18+08:00 ] /xbsdv5/index.php/ThesisTitle/index_jwadmin/category/2/menuid/58 | NOTIC: [8] Use of undefined constant name - assumed 'name' 936d7946ab3881047f76d62fbe89f3ce.php 第 113 行.
[ 2013-04-16T10:23:18+08:00 ] /xbsdv5/index.php/ThesisTitle/index_jwadmin/category/2/menuid/58 | NOTIC: [8] Use of undefined constant type - assumed 'type' 936d7946ab3881047f76d62fbe89f3ce.php 第 114 行.
[ 2013-04-16T10:23:18+08:00 ] /xbsdv5/index.php/ThesisTitle/index_jwadmin/category/2/menuid/58 | NOTIC: [8] Use of undefined constant grade - assumed 'grade' 936d7946ab3881047f76d62fbe89f3ce.php 第 115 行.
[ 2013-04-16T10:23:18+08:00 ] /xbsdv5/index.php/ThesisTitle/index_jwadmin/category/2/menuid/58 | NOTIC: [8] Use of undefined constant majorid - assumed 'majorid' 936d7946ab3881047f76d62fbe89f3ce.php 第 116 行.
[ 2013-04-16T10:23:18+08:00 ] /xbsdv5/index.php/ThesisTitle/index_jwadmin/category/2/menuid/58 | NOTIC: [8] Use of undefined constant level - assumed 'level' 936d7946ab3881047f76d62fbe89f3ce.php 第 117 行.
[ 2013-04-16T10:23:18+08:00 ] /xbsdv5/index.php/ThesisTitle/index_jwadmin/category/2/menuid/58 | NOTIC: [8] Use of undefined constant result_name - assumed 'result_name' 936d7946ab3881047f76d62fbe89f3ce.php 第 122 行.
[ 2013-04-16T10:23:18+08:00 ] /xbsdv5/index.php/ThesisTitle/index_jwadmin/category/2/menuid/58 | NOTIC: [8] Use of undefined constant thesisid - assumed 'thesisid' 936d7946ab3881047f76d62fbe89f3ce.php 第 125 行.
[ 2013-04-16T10:23:18+08:00 ] /xbsdv5/index.php/ThesisTitle/index_jwadmin/category/2/menuid/58 | INFO: Run ParseTemplate Behavior [ RunTime:0.048724s ]
[ 2013-04-16T10:23:18+08:00 ] /xbsdv5/index.php/ThesisTitle/index_jwadmin/category/2/menuid/58 | INFO: Tag[ view_parse ] --END-- [ RunTime:0.048831s ]
[ 2013-04-16T10:23:18+08:00 ] /xbsdv5/index.php/ThesisTitle/index_jwadmin/category/2/menuid/58 | INFO: Tag[ view_filter ] --START--
[ 2013-04-16T10:23:18+08:00 ] /xbsdv5/index.php/ThesisTitle/index_jwadmin/category/2/menuid/58 | INFO: Run ContentReplace Behavior [ RunTime:0.000800s ]
[ 2013-04-16T10:23:18+08:00 ] /xbsdv5/index.php/ThesisTitle/index_jwadmin/category/2/menuid/58 | INFO: Run TokenBuild Behavior [ RunTime:0.000676s ]
[ 2013-04-16T10:23:18+08:00 ] /xbsdv5/index.php/ThesisTitle/index_jwadmin/category/2/menuid/58 | INFO: Run WriteHtmlCache Behavior [ RunTime:0.000500s ]
[ 2013-04-16T10:23:18+08:00 ] /xbsdv5/index.php/ThesisTitle/index_jwadmin/category/2/menuid/58 | INFO: Run ShowRuntime Behavior [ RunTime:0.000694s ]
[ 2013-04-16T10:23:18+08:00 ] /xbsdv5/index.php/ThesisTitle/index_jwadmin/category/2/menuid/58 | INFO: Tag[ view_filter ] --END-- [ RunTime:0.002858s ]
[ 2013-04-16T10:23:18+08:00 ] /xbsdv5/index.php/ThesisTitle/index_jwadmin/category/2/menuid/58 | INFO: Tag[ view_end ] --START--
[ 2013-04-16T10:23:18+08:00 ] /xbsdv5/index.php/ThesisTitle/index_jwadmin/category/2/menuid/58 | INFO: Run ShowPageTrace Behavior [ RunTime:0.001347s ]
[ 2013-04-16T10:23:18+08:00 ] /xbsdv5/index.php/ThesisTitle/index_jwadmin/category/2/menuid/58 | INFO: Tag[ view_end ] --END-- [ RunTime:0.001432s ]
[ 2013-04-16T10:32:37+08:00 ] /xbsdv5/index.php/Exam/index/menuid/61 | INFO: Tag[ route_check ] --START--
[ 2013-04-16T10:32:37+08:00 ] /xbsdv5/index.php/Exam/index/menuid/61 | INFO: Run CheckRoute Behavior [ RunTime:0.002621s ]
[ 2013-04-16T10:32:37+08:00 ] /xbsdv5/index.php/Exam/index/menuid/61 | INFO: Tag[ route_check ] --END-- [ RunTime:0.002762s ]
[ 2013-04-16T10:32:37+08:00 ] /xbsdv5/index.php/Exam/index/menuid/61 | INFO: Tag[ app_begin ] --START--
[ 2013-04-16T10:32:37+08:00 ] /xbsdv5/index.php/Exam/index/menuid/61 | INFO: Run ReadHtmlCache Behavior [ RunTime:0.014334s ]
[ 2013-04-16T10:32:37+08:00 ] /xbsdv5/index.php/Exam/index/menuid/61 | INFO: Run CheckLang Behavior [ RunTime:0.022080s ]
[ 2013-04-16T10:32:37+08:00 ] /xbsdv5/index.php/Exam/index/menuid/61 | INFO: Tag[ app_begin ] --END-- [ RunTime:0.036607s ]
[ 2013-04-16T10:32:37+08:00 ] /xbsdv5/index.php/Exam/index/menuid/61 | NOTIC: [8] Undefined index: _ACCESS_LIST CommonAction.class.php 第 197 行.
[ 2013-04-16T10:32:37+08:00 ] /xbsdv5/index.php/Exam/index/menuid/61 | NOTIC: [8] Use of undefined constant nav - assumed 'nav' CommonAction.class.php 第 86 行.
[ 2013-04-16T10:32:39+08:00 ] /xbsdv5/index.php/Exam/index/menuid/61 | SQL: SHOW COLUMNS FROM `data_dict` [ RunTime:0.211157s ]
[ 2013-04-16T10:32:39+08:00 ] /xbsdv5/index.php/Exam/index/menuid/61 | SQL: SELECT fd_value as id,fd_mean as name FROM `data_dict` WHERE tb_name='exam_room' and fd_name='semester' ORDER BY seq  [ RunTime:0.210622s ]
[ 2013-04-16T10:32:39+08:00 ] /xbsdv5/index.php/Exam/index/menuid/61 | NOTIC: [8] Undefined index: year ExamAction.class.php 第 23 行.
[ 2013-04-16T10:32:39+08:00 ] /xbsdv5/index.php/Exam/index/menuid/61 | NOTIC: [8] Undefined index: semester functions.php 第 441 行.
[ 2013-04-16T10:32:39+08:00 ] /xbsdv5/index.php/Exam/index/menuid/61 | SQL: SHOW COLUMNS FROM `exam` [ RunTime:0.214093s ]
[ 2013-04-16T10:32:39+08:00 ] /xbsdv5/index.php/Exam/index/menuid/61 | SQL: SELECT DISTINCT  `date`,`time`,get_field_dict_name('exam','time',time) as timename FROM `exam` WHERE year=2009 and semester=  [ RunTime:0.205530s ]
[ 2013-04-16T10:32:39+08:00 ] /xbsdv5/index.php/Exam/index/menuid/61 | NOTIC: [2] Invalid argument supplied for foreach() ExamAction.class.php 第 248 行.
[ 2013-04-16T10:32:39+08:00 ] /xbsdv5/index.php/Exam/index/menuid/61 | INFO: Tag[ view_template ] --START--
[ 2013-04-16T10:32:39+08:00 ] /xbsdv5/index.php/Exam/index/menuid/61 | INFO: Run LocationTemplate Behavior [ RunTime:0.004150s ]
[ 2013-04-16T10:32:39+08:00 ] /xbsdv5/index.php/Exam/index/menuid/61 | INFO: Tag[ view_template ] --END-- [ RunTime:0.004331s ]
[ 2013-04-16T10:32:39+08:00 ] /xbsdv5/index.php/Exam/index/menuid/61 | INFO: Tag[ view_parse ] --START--
[ 2013-04-16T10:32:39+08:00 ] /xbsdv5/index.php/Exam/index/menuid/61 | NOTIC: [8] Use of undefined constant bnav - assumed 'bnav' a6f1868f6f093d187e4a3fcb8bfe5f15.php 第 48 行.
[ 2013-04-16T10:32:39+08:00 ] /xbsdv5/index.php/Exam/index/menuid/61 | NOTIC: [8] Use of undefined constant model - assumed 'model' a6f1868f6f093d187e4a3fcb8bfe5f15.php 第 48 行.
[ 2013-04-16T10:32:39+08:00 ] /xbsdv5/index.php/Exam/index/menuid/61 | NOTIC: [8] Use of undefined constant bnav - assumed 'bnav' a6f1868f6f093d187e4a3fcb8bfe5f15.php 第 48 行.
[ 2013-04-16T10:32:39+08:00 ] /xbsdv5/index.php/Exam/index/menuid/61 | NOTIC: [8] Use of undefined constant action - assumed 'action' a6f1868f6f093d187e4a3fcb8bfe5f15.php 第 48 行.
[ 2013-04-16T10:32:39+08:00 ] /xbsdv5/index.php/Exam/index/menuid/61 | NOTIC: [8] Use of undefined constant bnav - assumed 'bnav' a6f1868f6f093d187e4a3fcb8bfe5f15.php 第 48 行.
[ 2013-04-16T10:32:39+08:00 ] /xbsdv5/index.php/Exam/index/menuid/61 | NOTIC: [8] Use of undefined constant data - assumed 'data' a6f1868f6f093d187e4a3fcb8bfe5f15.php 第 48 行.
[ 2013-04-16T10:32:39+08:00 ] /xbsdv5/index.php/Exam/index/menuid/61 | NOTIC: [8] Use of undefined constant model - assumed 'model' a6f1868f6f093d187e4a3fcb8bfe5f15.php 第 49 行.
[ 2013-04-16T10:32:39+08:00 ] /xbsdv5/index.php/Exam/index/menuid/61 | NOTIC: [8] Use of undefined constant action - assumed 'action' a6f1868f6f093d187e4a3fcb8bfe5f15.php 第 49 行.
[ 2013-04-16T10:32:39+08:00 ] /xbsdv5/index.php/Exam/index/menuid/61 | NOTIC: [8] Use of undefined constant data - assumed 'data' a6f1868f6f093d187e4a3fcb8bfe5f15.php 第 49 行.
[ 2013-04-16T10:32:39+08:00 ] /xbsdv5/index.php/Exam/index/menuid/61 | NOTIC: [8] Use of undefined constant model - assumed 'model' a6f1868f6f093d187e4a3fcb8bfe5f15.php 第 49 行.
[ 2013-04-16T10:32:39+08:00 ] /xbsdv5/index.php/Exam/index/menuid/61 | NOTIC: [8] Use of undefined constant action - assumed 'action' a6f1868f6f093d187e4a3fcb8bfe5f15.php 第 49 行.
[ 2013-04-16T10:32:39+08:00 ] /xbsdv5/index.php/Exam/index/menuid/61 | NOTIC: [8] Use of undefined constant data - assumed 'data' a6f1868f6f093d187e4a3fcb8bfe5f15.php 第 49 行.
[ 2013-04-16T10:32:39+08:00 ] /xbsdv5/index.php/Exam/index/menuid/61 | NOTIC: [8] Use of undefined constant model - assumed 'model' a6f1868f6f093d187e4a3fcb8bfe5f15.php 第 49 行.
[ 2013-04-16T10:32:39+08:00 ] /xbsdv5/index.php/Exam/index/menuid/61 | NOTIC: [8] Use of undefined constant action - assumed 'action' a6f1868f6f093d187e4a3fcb8bfe5f15.php 第 49 行.
[ 2013-04-16T10:32:39+08:00 ] /xbsdv5/index.php/Exam/index/menuid/61 | NOTIC: [8] Use of undefined constant data - assumed 'data' a6f1868f6f093d187e4a3fcb8bfe5f15.php 第 49 行.
[ 2013-04-16T10:32:39+08:00 ] /xbsdv5/index.php/Exam/index/menuid/61 | NOTIC: [8] Undefined variable: show a6f1868f6f093d187e4a3fcb8bfe5f15.php 第 150 行.
[ 2013-04-16T10:32:39+08:00 ] /xbsdv5/index.php/Exam/index/menuid/61 | INFO: Run ParseTemplate Behavior [ RunTime:0.058709s ]
[ 2013-04-16T10:32:39+08:00 ] /xbsdv5/index.php/Exam/index/menuid/61 | INFO: Tag[ view_parse ] --END-- [ RunTime:0.058818s ]
[ 2013-04-16T10:32:39+08:00 ] /xbsdv5/index.php/Exam/index/menuid/61 | INFO: Tag[ view_filter ] --START--
[ 2013-04-16T10:32:39+08:00 ] /xbsdv5/index.php/Exam/index/menuid/61 | INFO: Run ContentReplace Behavior [ RunTime:0.007098s ]
[ 2013-04-16T10:32:40+08:00 ] /xbsdv5/index.php/Exam/index/menuid/61 | INFO: Run TokenBuild Behavior [ RunTime:0.014938s ]
[ 2013-04-16T10:32:40+08:00 ] /xbsdv5/index.php/Exam/index/menuid/61 | INFO: Run WriteHtmlCache Behavior [ RunTime:0.004884s ]
[ 2013-04-16T10:32:40+08:00 ] /xbsdv5/index.php/Exam/index/menuid/61 | INFO: Run ShowRuntime Behavior [ RunTime:0.001227s ]
[ 2013-04-16T10:32:40+08:00 ] /xbsdv5/index.php/Exam/index/menuid/61 | INFO: Tag[ view_filter ] --END-- [ RunTime:0.028395s ]
[ 2013-04-16T10:32:40+08:00 ] /xbsdv5/index.php/Exam/index/menuid/61 | INFO: Tag[ view_end ] --START--
[ 2013-04-16T10:32:40+08:00 ] /xbsdv5/index.php/Exam/index/menuid/61 | INFO: Run ShowPageTrace Behavior [ RunTime:0.001371s ]
[ 2013-04-16T10:32:40+08:00 ] /xbsdv5/index.php/Exam/index/menuid/61 | INFO: Tag[ view_end ] --END-- [ RunTime:0.001448s ]
[ 2013-04-16T10:33:51+08:00 ] /xbsdv5/index.php/Exam/index/year/2012/semester/2 | INFO: Tag[ route_check ] --START--
[ 2013-04-16T10:33:51+08:00 ] /xbsdv5/index.php/Exam/index/year/2012/semester/2 | INFO: Run CheckRoute Behavior [ RunTime:0.001175s ]
[ 2013-04-16T10:33:51+08:00 ] /xbsdv5/index.php/Exam/index/year/2012/semester/2 | INFO: Tag[ route_check ] --END-- [ RunTime:0.001276s ]
[ 2013-04-16T10:33:51+08:00 ] /xbsdv5/index.php/Exam/index/year/2012/semester/2 | INFO: Tag[ app_begin ] --START--
[ 2013-04-16T10:33:51+08:00 ] /xbsdv5/index.php/Exam/index/year/2012/semester/2 | INFO: Run ReadHtmlCache Behavior [ RunTime:0.001256s ]
[ 2013-04-16T10:33:51+08:00 ] /xbsdv5/index.php/Exam/index/year/2012/semester/2 | INFO: Run CheckLang Behavior [ RunTime:0.001835s ]
[ 2013-04-16T10:33:51+08:00 ] /xbsdv5/index.php/Exam/index/year/2012/semester/2 | INFO: Tag[ app_begin ] --END-- [ RunTime:0.003221s ]
[ 2013-04-16T10:33:51+08:00 ] /xbsdv5/index.php/Exam/index/year/2012/semester/2 | NOTIC: [8] Undefined index: menuid CommonAction.class.php 第 79 行.
[ 2013-04-16T10:33:51+08:00 ] /xbsdv5/index.php/Exam/index/year/2012/semester/2 | NOTIC: [8] Undefined index: _ACCESS_LIST CommonAction.class.php 第 197 行.
[ 2013-04-16T10:33:51+08:00 ] /xbsdv5/index.php/Exam/index/year/2012/semester/2 | NOTIC: [8] Use of undefined constant nav - assumed 'nav' CommonAction.class.php 第 86 行.
[ 2013-04-16T10:33:53+08:00 ] /xbsdv5/index.php/Exam/index/year/2012/semester/2 | SQL: SHOW COLUMNS FROM `data_dict` [ RunTime:0.208805s ]
[ 2013-04-16T10:33:53+08:00 ] /xbsdv5/index.php/Exam/index/year/2012/semester/2 | SQL: SELECT fd_value as id,fd_mean as name FROM `data_dict` WHERE tb_name='exam_room' and fd_name='semester' ORDER BY seq  [ RunTime:0.211124s ]
[ 2013-04-16T10:33:54+08:00 ] /xbsdv5/index.php/Exam/index/year/2012/semester/2 | SQL: SHOW COLUMNS FROM `exam` [ RunTime:0.215146s ]
[ 2013-04-16T10:33:54+08:00 ] /xbsdv5/index.php/Exam/index/year/2012/semester/2 | SQL: SELECT DISTINCT  `date`,`time`,get_field_dict_name('exam','time',time) as timename FROM `exam` WHERE year=2012 and semester=2  [ RunTime:0.218181s ]
[ 2013-04-16T10:33:54+08:00 ] /xbsdv5/index.php/Exam/index/year/2012/semester/2 | SQL: SELECT `coursename`,`num`,`flag`,get_teacher_name_notip(examiner1) as examiner1,get_teacher_name_notip(examiner2) as examiner2,get_field_dict_name('exam','type',type) as typename,get_room_name(roomid) as roomname FROM `exam` WHERE year=2012 and semester=2 and date='2013-01-31' and time=2  [ RunTime:0.209354s ]
[ 2013-04-16T10:33:55+08:00 ] /xbsdv5/index.php/Exam/index/year/2012/semester/2 | SQL: SELECT COUNT(*) AS tp_count FROM `exam` WHERE year=2012 and semester=2 and date='2013-01-31' and time=2 LIMIT 1   [ RunTime:0.716212s ]
[ 2013-04-16T10:33:55+08:00 ] /xbsdv5/index.php/Exam/index/year/2012/semester/2 | SQL: SELECT `coursename`,`num`,`flag`,get_teacher_name_notip(examiner1) as examiner1,get_teacher_name_notip(examiner2) as examiner2,get_field_dict_name('exam','type',type) as typename,get_room_name(roomid) as roomname FROM `exam` WHERE year=2012 and semester=2 and date='2013-01-30' and time=4  [ RunTime:0.233172s ]
[ 2013-04-16T10:33:55+08:00 ] /xbsdv5/index.php/Exam/index/year/2012/semester/2 | SQL: SELECT COUNT(*) AS tp_count FROM `exam` WHERE year=2012 and semester=2 and date='2013-01-30' and time=4 LIMIT 1   [ RunTime:0.199722s ]
[ 2013-04-16T10:33:55+08:00 ] /xbsdv5/index.php/Exam/index/year/2012/semester/2 | SQL: SELECT `coursename`,`num`,`flag`,get_teacher_name_notip(examiner1) as examiner1,get_teacher_name_notip(examiner2) as examiner2,get_field_dict_name('exam','type',type) as typename,get_room_name(roomid) as roomname FROM `exam` WHERE year=2012 and semester=2 and date='2013-01-30' and time=1  [ RunTime:0.203744s ]
[ 2013-04-16T10:33:56+08:00 ] /xbsdv5/index.php/Exam/index/year/2012/semester/2 | SQL: SELECT COUNT(*) AS tp_count FROM `exam` WHERE year=2012 and semester=2 and date='2013-01-30' and time=1 LIMIT 1   [ RunTime:0.207577s ]
[ 2013-04-16T10:33:56+08:00 ] /xbsdv5/index.php/Exam/index/year/2012/semester/2 | INFO: Tag[ view_template ] --START--
[ 2013-04-16T10:33:56+08:00 ] /xbsdv5/index.php/Exam/index/year/2012/semester/2 | INFO: Run LocationTemplate Behavior [ RunTime:0.002097s ]
[ 2013-04-16T10:33:56+08:00 ] /xbsdv5/index.php/Exam/index/year/2012/semester/2 | INFO: Tag[ view_template ] --END-- [ RunTime:0.002276s ]
[ 2013-04-16T10:33:56+08:00 ] /xbsdv5/index.php/Exam/index/year/2012/semester/2 | INFO: Tag[ view_parse ] --START--
[ 2013-04-16T10:33:56+08:00 ] /xbsdv5/index.php/Exam/index/year/2012/semester/2 | NOTIC: [8] Use of undefined constant bnav - assumed 'bnav' a6f1868f6f093d187e4a3fcb8bfe5f15.php 第 48 行.
[ 2013-04-16T10:33:56+08:00 ] /xbsdv5/index.php/Exam/index/year/2012/semester/2 | NOTIC: [8] Use of undefined constant model - assumed 'model' a6f1868f6f093d187e4a3fcb8bfe5f15.php 第 48 行.
[ 2013-04-16T10:33:56+08:00 ] /xbsdv5/index.php/Exam/index/year/2012/semester/2 | NOTIC: [8] Use of undefined constant bnav - assumed 'bnav' a6f1868f6f093d187e4a3fcb8bfe5f15.php 第 48 行.
[ 2013-04-16T10:33:56+08:00 ] /xbsdv5/index.php/Exam/index/year/2012/semester/2 | NOTIC: [8] Use of undefined constant action - assumed 'action' a6f1868f6f093d187e4a3fcb8bfe5f15.php 第 48 行.
[ 2013-04-16T10:33:56+08:00 ] /xbsdv5/index.php/Exam/index/year/2012/semester/2 | NOTIC: [8] Use of undefined constant bnav - assumed 'bnav' a6f1868f6f093d187e4a3fcb8bfe5f15.php 第 48 行.
[ 2013-04-16T10:33:56+08:00 ] /xbsdv5/index.php/Exam/index/year/2012/semester/2 | NOTIC: [8] Use of undefined constant data - assumed 'data' a6f1868f6f093d187e4a3fcb8bfe5f15.php 第 48 行.
[ 2013-04-16T10:33:56+08:00 ] /xbsdv5/index.php/Exam/index/year/2012/semester/2 | NOTIC: [8] Use of undefined constant model - assumed 'model' a6f1868f6f093d187e4a3fcb8bfe5f15.php 第 49 行.
[ 2013-04-16T10:33:56+08:00 ] /xbsdv5/index.php/Exam/index/year/2012/semester/2 | NOTIC: [8] Use of undefined constant action - assumed 'action' a6f1868f6f093d187e4a3fcb8bfe5f15.php 第 49 行.
[ 2013-04-16T10:33:56+08:00 ] /xbsdv5/index.php/Exam/index/year/2012/semester/2 | NOTIC: [8] Use of undefined constant data - assumed 'data' a6f1868f6f093d187e4a3fcb8bfe5f15.php 第 49 行.
[ 2013-04-16T10:33:56+08:00 ] /xbsdv5/index.php/Exam/index/year/2012/semester/2 | NOTIC: [8] Use of undefined constant model - assumed 'model' a6f1868f6f093d187e4a3fcb8bfe5f15.php 第 49 行.
[ 2013-04-16T10:33:56+08:00 ] /xbsdv5/index.php/Exam/index/year/2012/semester/2 | NOTIC: [8] Use of undefined constant action - assumed 'action' a6f1868f6f093d187e4a3fcb8bfe5f15.php 第 49 行.
[ 2013-04-16T10:33:56+08:00 ] /xbsdv5/index.php/Exam/index/year/2012/semester/2 | NOTIC: [8] Use of undefined constant data - assumed 'data' a6f1868f6f093d187e4a3fcb8bfe5f15.php 第 49 行.
[ 2013-04-16T10:33:56+08:00 ] /xbsdv5/index.php/Exam/index/year/2012/semester/2 | NOTIC: [8] Use of undefined constant model - assumed 'model' a6f1868f6f093d187e4a3fcb8bfe5f15.php 第 49 行.
[ 2013-04-16T10:33:56+08:00 ] /xbsdv5/index.php/Exam/index/year/2012/semester/2 | NOTIC: [8] Use of undefined constant action - assumed 'action' a6f1868f6f093d187e4a3fcb8bfe5f15.php 第 49 行.
[ 2013-04-16T10:33:56+08:00 ] /xbsdv5/index.php/Exam/index/year/2012/semester/2 | NOTIC: [8] Use of undefined constant data - assumed 'data' a6f1868f6f093d187e4a3fcb8bfe5f15.php 第 49 行.
[ 2013-04-16T10:33:56+08:00 ] /xbsdv5/index.php/Exam/index/year/2012/semester/2 | NOTIC: [8] Undefined variable: show a6f1868f6f093d187e4a3fcb8bfe5f15.php 第 150 行.
[ 2013-04-16T10:33:56+08:00 ] /xbsdv5/index.php/Exam/index/year/2012/semester/2 | INFO: Run ParseTemplate Behavior [ RunTime:0.047141s ]
[ 2013-04-16T10:33:56+08:00 ] /xbsdv5/index.php/Exam/index/year/2012/semester/2 | INFO: Tag[ view_parse ] --END-- [ RunTime:0.047254s ]
[ 2013-04-16T10:33:56+08:00 ] /xbsdv5/index.php/Exam/index/year/2012/semester/2 | INFO: Tag[ view_filter ] --START--
[ 2013-04-16T10:33:56+08:00 ] /xbsdv5/index.php/Exam/index/year/2012/semester/2 | INFO: Run ContentReplace Behavior [ RunTime:0.000805s ]
[ 2013-04-16T10:33:56+08:00 ] /xbsdv5/index.php/Exam/index/year/2012/semester/2 | INFO: Run TokenBuild Behavior [ RunTime:0.000704s ]
[ 2013-04-16T10:33:56+08:00 ] /xbsdv5/index.php/Exam/index/year/2012/semester/2 | INFO: Run WriteHtmlCache Behavior [ RunTime:0.000668s ]
[ 2013-04-16T10:33:56+08:00 ] /xbsdv5/index.php/Exam/index/year/2012/semester/2 | INFO: Run ShowRuntime Behavior [ RunTime:0.000747s ]
[ 2013-04-16T10:33:56+08:00 ] /xbsdv5/index.php/Exam/index/year/2012/semester/2 | INFO: Tag[ view_filter ] --END-- [ RunTime:0.003125s ]
[ 2013-04-16T10:33:56+08:00 ] /xbsdv5/index.php/Exam/index/year/2012/semester/2 | INFO: Tag[ view_end ] --START--
[ 2013-04-16T10:33:56+08:00 ] /xbsdv5/index.php/Exam/index/year/2012/semester/2 | INFO: Run ShowPageTrace Behavior [ RunTime:0.002373s ]
[ 2013-04-16T10:33:56+08:00 ] /xbsdv5/index.php/Exam/index/year/2012/semester/2 | INFO: Tag[ view_end ] --END-- [ RunTime:0.002507s ]
